#
# There is insufficient memory for the Java Runtime Environment to continue.
# Native memory allocation (malloc) failed to allocate 1452016 bytes. Error detail: Chunk::new
# Possible reasons:
#   The system is out of physical RAM or swap space
#   This process is running with CompressedOops enabled, and the Java Heap may be blocking the growth of the native heap
# Possible solutions:
#   Reduce memory load on the system
#   Increase physical memory or swap space
#   Check if swap backing store is full
#   Decrease Java heap size (-Xmx/-Xms)
#   Decrease number of Java threads
#   Decrease Java thread stack sizes (-Xss)
#   Set larger code cache with -XX:ReservedCodeCacheSize=
#   JVM is running with Unscaled Compressed Oops mode in which the Java heap is
#     placed in the first 4GB address space. The Java Heap base address is the
#     maximum limit for the native heap growth. Please use -XX:HeapBaseMinAddress
#     to set the Java Heap base and to place the Java Heap above 4GB virtual address.
# This output file may be truncated or incomplete.
#
#  Out of Memory Error (arena.cpp:168), pid=24712, tid=28452
#
# JRE version: OpenJDK Runtime Environment Temurin-21.0.8+9 (21.0.8+9) (build 21.0.8+9-LTS)
# Java VM: OpenJDK 64-Bit Server VM Temurin-21.0.8+9 (21.0.8+9-LTS, mixed mode, sharing, tiered, compressed oops, compressed class ptrs, g1 gc, windows-amd64)
# No core dump will be written. Minidumps are not enabled by default on client versions of Windows
#

---------------  S U M M A R Y ------------

Command Line: --add-opens=java.base/java.lang=ALL-UNNAMED --add-opens=java.base/java.lang.invoke=ALL-UNNAMED --add-opens=java.base/java.util=ALL-UNNAMED --add-opens=java.prefs/java.util.prefs=ALL-UNNAMED --add-exports=jdk.compiler/com.sun.tools.javac.api=ALL-UNNAMED --add-exports=jdk.compiler/com.sun.tools.javac.util=ALL-UNNAMED --add-opens=java.base/java.util=ALL-UNNAMED --add-opens=java.prefs/java.util.prefs=ALL-UNNAMED --add-opens=java.base/java.nio.charset=ALL-UNNAMED --add-opens=java.base/java.net=ALL-UNNAMED --add-opens=java.base/java.util.concurrent.atomic=ALL-UNNAMED --add-opens=java.xml/javax.xml.namespace=ALL-UNNAMED -Xmx2048m -Dfile.encoding=UTF-8 -Duser.country=CA -Duser.language=en -Duser.variant -javaagent:C:\Users\jeffr\.gradle\wrapper\dists\gradle-8.14.3-bin\cv11ve7ro1n3o1j4so8xd9n66\gradle-8.14.3\lib\agents\gradle-instrumentation-agent-8.14.3.jar org.gradle.launcher.daemon.bootstrap.GradleDaemon 8.14.3

Host: 12th Gen Intel(R) Core(TM) i5-12450H, 12 cores, 15G,  Windows 11 , 64 bit Build 26100 (10.0.26100.7019)
Time: Fri Nov  7 00:06:01 2025 Pacific Standard Time elapsed time: 9.598926 seconds (0d 0h 0m 9s)

---------------  T H R E A D  ---------------

Current thread (0x000002d5d28a95a0):  JavaThread "C2 CompilerThread1" daemon [_thread_in_native, id=28452, stack(0x000000ebf1700000,0x000000ebf1800000) (1024K)]


Current CompileTask:
C2:9599 2819       4       java.lang.invoke.MethodType::makeImpl (109 bytes)

Stack: [0x000000ebf1700000,0x000000ebf1800000]
Native frames: (J=compiled Java code, j=interpreted, Vv=VM code, C=native code)
V  [jvm.dll+0x6d2449]
V  [jvm.dll+0x8ae341]
V  [jvm.dll+0x8b08be]
V  [jvm.dll+0x8b0fa3]
V  [jvm.dll+0x280c96]
V  [jvm.dll+0xc581d]
V  [jvm.dll+0xc5d53]
V  [jvm.dll+0x3b919c]
V  [jvm.dll+0x1e1409]
V  [jvm.dll+0x249022]
V  [jvm.dll+0x2484af]
V  [jvm.dll+0x1c89ee]
V  [jvm.dll+0x257d4d]
V  [jvm.dll+0x2562ea]
V  [jvm.dll+0x3f2d16]
V  [jvm.dll+0x857e6b]
V  [jvm.dll+0x6d0b0d]
C  [ucrtbase.dll+0x37b0]
C  [KERNEL32.DLL+0x2e8d7]
C  [ntdll.dll+0x8c53c]


---------------  P R O C E S S  ---------------

Threads class SMR info:
_java_thread_list=0x000002d5d1131c60, length=25, elements={
0x000002d5eca5fe10, 0x000002d5fab22e40, 0x000002d5fab247b0, 0x000002d5fab27f30,
0x000002d5fab2a990, 0x000002d5fab2b3e0, 0x000002d5fab2be30, 0x000002d5fab2cbb0,
0x000002d5fab2fda0, 0x000002d5faaf6b80, 0x000002d5fadb8300, 0x000002d5d0cde780,
0x000002d5d0e79f30, 0x000002d5d0f8eb20, 0x000002d5faed61f0, 0x000002d5faeb5310,
0x000002d5d03a2e70, 0x000002d5d03a34d0, 0x000002d5d0554560, 0x000002d5ff17fa90,
0x000002d5ff17ed70, 0x000002d5ff17f400, 0x000002d5ff180120, 0x000002d5ff1807b0,
0x000002d5d28a95a0
}

Java Threads: ( => current thread )
  0x000002d5eca5fe10 JavaThread "main"                              [_thread_blocked, id=7744, stack(0x000000ebef300000,0x000000ebef400000) (1024K)]
  0x000002d5fab22e40 JavaThread "Reference Handler"          daemon [_thread_blocked, id=8840, stack(0x000000ebefb00000,0x000000ebefc00000) (1024K)]
  0x000002d5fab247b0 JavaThread "Finalizer"                  daemon [_thread_blocked, id=20768, stack(0x000000ebefc00000,0x000000ebefd00000) (1024K)]
  0x000002d5fab27f30 JavaThread "Signal Dispatcher"          daemon [_thread_blocked, id=22892, stack(0x000000ebefd00000,0x000000ebefe00000) (1024K)]
  0x000002d5fab2a990 JavaThread "Attach Listener"            daemon [_thread_blocked, id=14380, stack(0x000000ebefe00000,0x000000ebeff00000) (1024K)]
  0x000002d5fab2b3e0 JavaThread "Service Thread"             daemon [_thread_blocked, id=22612, stack(0x000000ebeff00000,0x000000ebf0000000) (1024K)]
  0x000002d5fab2be30 JavaThread "Monitor Deflation Thread"   daemon [_thread_blocked, id=11812, stack(0x000000ebf0000000,0x000000ebf0100000) (1024K)]
  0x000002d5fab2cbb0 JavaThread "C2 CompilerThread0"         daemon [_thread_in_native, id=20744, stack(0x000000ebf0100000,0x000000ebf0200000) (1024K)]
  0x000002d5fab2fda0 JavaThread "C1 CompilerThread0"         daemon [_thread_blocked, id=16888, stack(0x000000ebf0200000,0x000000ebf0300000) (1024K)]
  0x000002d5faaf6b80 JavaThread "Common-Cleaner"             daemon [_thread_blocked, id=8020, stack(0x000000ebf0300000,0x000000ebf0400000) (1024K)]
  0x000002d5fadb8300 JavaThread "Notification Thread"        daemon [_thread_blocked, id=21060, stack(0x000000ebf0400000,0x000000ebf0500000) (1024K)]
  0x000002d5d0cde780 JavaThread "Daemon health stats"               [_thread_blocked, id=20596, stack(0x000000ebf0b00000,0x000000ebf0c00000) (1024K)]
  0x000002d5d0e79f30 JavaThread "Incoming local TCP Connector on port 53679"        [_thread_in_native, id=22676, stack(0x000000ebf0a00000,0x000000ebf0b00000) (1024K)]
  0x000002d5d0f8eb20 JavaThread "Daemon periodic checks"            [_thread_blocked, id=20488, stack(0x000000ebf0c00000,0x000000ebf0d00000) (1024K)]
  0x000002d5faed61f0 JavaThread "Daemon"                            [_thread_blocked, id=28096, stack(0x000000ebf0d00000,0x000000ebf0e00000) (1024K)]
  0x000002d5faeb5310 JavaThread "Handler for socket connection from /127.0.0.1:53679 to /127.0.0.1:53680"        [_thread_in_native, id=26028, stack(0x000000ebf0e00000,0x000000ebf0f00000) (1024K)]
  0x000002d5d03a2e70 JavaThread "Cancel handler"                    [_thread_blocked, id=26172, stack(0x000000ebf0f00000,0x000000ebf1000000) (1024K)]
  0x000002d5d03a34d0 JavaThread "Daemon worker"                     [_thread_in_Java, id=18888, stack(0x000000ebf1000000,0x000000ebf1100000) (1024K)]
  0x000002d5d0554560 JavaThread "Asynchronous log dispatcher for DefaultDaemonConnection: socket connection from /127.0.0.1:53679 to /127.0.0.1:53680"        [_thread_blocked, id=6200, stack(0x000000ebf1100000,0x000000ebf1200000) (1024K)]
  0x000002d5ff17fa90 JavaThread "Stdin handler"                     [_thread_blocked, id=2244, stack(0x000000ebf1200000,0x000000ebf1300000) (1024K)]
  0x000002d5ff17ed70 JavaThread "Daemon client event forwarder"        [_thread_blocked, id=26204, stack(0x000000ebf1300000,0x000000ebf1400000) (1024K)]
  0x000002d5ff17f400 JavaThread "Cache worker for journal cache (C:\Users\jeffr\.gradle\caches\journal-1)"        [_thread_blocked, id=18844, stack(0x000000ebf1400000,0x000000ebf1500000) (1024K)]
  0x000002d5ff180120 JavaThread "File lock request listener"        [_thread_in_native, id=5912, stack(0x000000ebf1500000,0x000000ebf1600000) (1024K)]
  0x000002d5ff1807b0 JavaThread "Cache worker for file hash cache (C:\Users\jeffr\.gradle\caches\8.14.3\fileHashes)"        [_thread_blocked, id=7856, stack(0x000000ebf1600000,0x000000ebf1700000) (1024K)]
=>0x000002d5d28a95a0 JavaThread "C2 CompilerThread1"         daemon [_thread_in_native, id=28452, stack(0x000000ebf1700000,0x000000ebf1800000) (1024K)]
Total: 25

Other Threads:
  0x000002d5fab05b50 VMThread "VM Thread"                           [id=21016, stack(0x000000ebefa00000,0x000000ebefb00000) (1024K)]
  0x000002d5faaf5cc0 WatcherThread "VM Periodic Task Thread"        [id=17484, stack(0x000000ebef900000,0x000000ebefa00000) (1024K)]
  0x000002d5ecaba960 WorkerThread "GC Thread#0"                     [id=24100, stack(0x000000ebef400000,0x000000ebef500000) (1024K)]
  0x000002d5fae66c70 WorkerThread "GC Thread#1"                     [id=5216, stack(0x000000ebf0500000,0x000000ebf0600000) (1024K)]
  0x000002d5fae67010 WorkerThread "GC Thread#2"                     [id=22288, stack(0x000000ebf0600000,0x000000ebf0700000) (1024K)]
  0x000002d5ff135f80 WorkerThread "GC Thread#3"                     [id=26712, stack(0x000000ebf0700000,0x000000ebf0800000) (1024K)]
  0x000002d5fae9dc00 WorkerThread "GC Thread#4"                     [id=7200, stack(0x000000ebf0800000,0x000000ebf0900000) (1024K)]
  0x000002d5fae9dfa0 WorkerThread "GC Thread#5"                     [id=23224, stack(0x000000ebf0900000,0x000000ebf0a00000) (1024K)]
  0x000002d5ecacc6d0 ConcurrentGCThread "G1 Main Marker"            [id=21048, stack(0x000000ebef500000,0x000000ebef600000) (1024K)]
  0x000002d5ecace0f0 WorkerThread "G1 Conc#0"                       [id=27328, stack(0x000000ebef600000,0x000000ebef700000) (1024K)]
  0x000002d5faa48ae0 ConcurrentGCThread "G1 Refine#0"               [id=1696, stack(0x000000ebef700000,0x000000ebef800000) (1024K)]
  0x000002d5faa49560 ConcurrentGCThread "G1 Service"                [id=21396, stack(0x000000ebef800000,0x000000ebef900000) (1024K)]
Total: 12

Threads with active compile tasks:
C2 CompilerThread0  9638 2886   !   4       java.net.URLClassLoader::findClass (47 bytes)
C2 CompilerThread1  9638 2819       4       java.lang.invoke.MethodType::makeImpl (109 bytes)
Total: 2

VM state: not at safepoint (normal execution)

VM Mutex/Monitor currently owned by a thread: None

Heap address: 0x0000000080000000, size: 2048 MB, Compressed Oops mode: 32-bit

CDS archive(s) mapped at: [0x000002d58f000000-0x000002d58fc80000-0x000002d58fc80000), size 13107200, SharedBaseAddress: 0x000002d58f000000, ArchiveRelocationMode: 1.
Compressed class space mapped at: 0x000002d590000000-0x000002d5d0000000, reserved size: 1073741824
Narrow klass base: 0x000002d58f000000, Narrow klass shift: 0, Narrow klass range: 0x100000000

GC Precious Log:
 CardTable entry size: 512
 Card Set container configuration: InlinePtr #cards 5 size 8 Array Of Cards #cards 12 size 40 Howl #buckets 4 coarsen threshold 1843 Howl Bitmap #cards 512 size 80 coarsen threshold 460 Card regions per heap region 1 cards per card region 2048
 CPUs: 12 total, 12 available
 Memory: 16085M
 Large Page Support: Disabled
 NUMA Support: Disabled
 Compressed Oops: Enabled (32-bit)
 Heap Region Size: 1M
 Heap Min Capacity: 8M
 Heap Initial Capacity: 252M
 Heap Max Capacity: 2G
 Pre-touch: Disabled
 Parallel Workers: 10
 Concurrent Workers: 3
 Concurrent Refinement Workers: 10
 Periodic GC: Disabled

Heap:
 garbage-first heap   total 258048K, used 84329K [0x0000000080000000, 0x0000000100000000)
  region size 1024K, 72 young (73728K), 5 survivors (5120K)
 Metaspace       used 18179K, committed 18688K, reserved 1114112K
  class space    used 2572K, committed 2816K, reserved 1048576K

Heap Regions: E=young(eden), S=young(survivor), O=old, HS=humongous(starts), HC=humongous(continues), CS=collection set, F=free, TAMS=top-at-mark-start, PB=parsable bottom
|   0|0x0000000080000000, 0x0000000080100000, 0x0000000080100000|100%|HS|  |TAMS 0x0000000080000000| PB 0x0000000080000000| Complete 
|   1|0x0000000080100000, 0x0000000080200000, 0x0000000080200000|100%|HC|  |TAMS 0x0000000080100000| PB 0x0000000080100000| Complete 
|   2|0x0000000080200000, 0x0000000080300000, 0x0000000080300000|100%|HC|  |TAMS 0x0000000080200000| PB 0x0000000080200000| Complete 
|   3|0x0000000080300000, 0x0000000080400000, 0x0000000080400000|100%| O|  |TAMS 0x0000000080300000| PB 0x0000000080300000| Untracked 
|   4|0x0000000080400000, 0x0000000080500000, 0x0000000080500000|100%| O|  |TAMS 0x0000000080400000| PB 0x0000000080400000| Untracked 
|   5|0x0000000080500000, 0x0000000080600000, 0x0000000080600000|100%| O|  |TAMS 0x0000000080500000| PB 0x0000000080500000| Untracked 
|   6|0x0000000080600000, 0x0000000080700000, 0x0000000080700000|100%|HS|  |TAMS 0x0000000080600000| PB 0x0000000080600000| Complete 
|   7|0x0000000080700000, 0x0000000080700000, 0x0000000080800000|  0%| F|  |TAMS 0x0000000080700000| PB 0x0000000080700000| Untracked 
|   8|0x0000000080800000, 0x0000000080900000, 0x0000000080900000|100%| O|  |TAMS 0x0000000080800000| PB 0x0000000080800000| Untracked 
|   9|0x0000000080900000, 0x0000000080a00000, 0x0000000080a00000|100%| O|  |TAMS 0x0000000080900000| PB 0x0000000080900000| Untracked 
|  10|0x0000000080a00000, 0x0000000080b00000, 0x0000000080b00000|100%| O|  |TAMS 0x0000000080a00000| PB 0x0000000080a00000| Untracked 
|  11|0x0000000080b00000, 0x0000000080c00000, 0x0000000080c00000|100%| O|  |TAMS 0x0000000080b00000| PB 0x0000000080b00000| Untracked 
|  12|0x0000000080c00000, 0x0000000080cae958, 0x0000000080d00000| 68%| O|  |TAMS 0x0000000080c00000| PB 0x0000000080c00000| Untracked 
|  13|0x0000000080d00000, 0x0000000080d00000, 0x0000000080e00000|  0%| F|  |TAMS 0x0000000080d00000| PB 0x0000000080d00000| Untracked 
|  14|0x0000000080e00000, 0x0000000080e00000, 0x0000000080f00000|  0%| F|  |TAMS 0x0000000080e00000| PB 0x0000000080e00000| Untracked 
|  15|0x0000000080f00000, 0x0000000080f00000, 0x0000000081000000|  0%| F|  |TAMS 0x0000000080f00000| PB 0x0000000080f00000| Untracked 
|  16|0x0000000081000000, 0x0000000081000000, 0x0000000081100000|  0%| F|  |TAMS 0x0000000081000000| PB 0x0000000081000000| Untracked 
|  17|0x0000000081100000, 0x0000000081100000, 0x0000000081200000|  0%| F|  |TAMS 0x0000000081100000| PB 0x0000000081100000| Untracked 
|  18|0x0000000081200000, 0x0000000081200000, 0x0000000081300000|  0%| F|  |TAMS 0x0000000081200000| PB 0x0000000081200000| Untracked 
|  19|0x0000000081300000, 0x0000000081300000, 0x0000000081400000|  0%| F|  |TAMS 0x0000000081300000| PB 0x0000000081300000| Untracked 
|  20|0x0000000081400000, 0x0000000081400000, 0x0000000081500000|  0%| F|  |TAMS 0x0000000081400000| PB 0x0000000081400000| Untracked 
|  21|0x0000000081500000, 0x0000000081500000, 0x0000000081600000|  0%| F|  |TAMS 0x0000000081500000| PB 0x0000000081500000| Untracked 
|  22|0x0000000081600000, 0x0000000081600000, 0x0000000081700000|  0%| F|  |TAMS 0x0000000081600000| PB 0x0000000081600000| Untracked 
|  23|0x0000000081700000, 0x0000000081700000, 0x0000000081800000|  0%| F|  |TAMS 0x0000000081700000| PB 0x0000000081700000| Untracked 
|  24|0x0000000081800000, 0x0000000081800000, 0x0000000081900000|  0%| F|  |TAMS 0x0000000081800000| PB 0x0000000081800000| Untracked 
|  25|0x0000000081900000, 0x0000000081900000, 0x0000000081a00000|  0%| F|  |TAMS 0x0000000081900000| PB 0x0000000081900000| Untracked 
|  26|0x0000000081a00000, 0x0000000081a00000, 0x0000000081b00000|  0%| F|  |TAMS 0x0000000081a00000| PB 0x0000000081a00000| Untracked 
|  27|0x0000000081b00000, 0x0000000081b00000, 0x0000000081c00000|  0%| F|  |TAMS 0x0000000081b00000| PB 0x0000000081b00000| Untracked 
|  28|0x0000000081c00000, 0x0000000081c00000, 0x0000000081d00000|  0%| F|  |TAMS 0x0000000081c00000| PB 0x0000000081c00000| Untracked 
|  29|0x0000000081d00000, 0x0000000081d00000, 0x0000000081e00000|  0%| F|  |TAMS 0x0000000081d00000| PB 0x0000000081d00000| Untracked 
|  30|0x0000000081e00000, 0x0000000081e00000, 0x0000000081f00000|  0%| F|  |TAMS 0x0000000081e00000| PB 0x0000000081e00000| Untracked 
|  31|0x0000000081f00000, 0x0000000081f00000, 0x0000000082000000|  0%| F|  |TAMS 0x0000000081f00000| PB 0x0000000081f00000| Untracked 
|  32|0x0000000082000000, 0x0000000082000000, 0x0000000082100000|  0%| F|  |TAMS 0x0000000082000000| PB 0x0000000082000000| Untracked 
|  33|0x0000000082100000, 0x0000000082100000, 0x0000000082200000|  0%| F|  |TAMS 0x0000000082100000| PB 0x0000000082100000| Untracked 
|  34|0x0000000082200000, 0x0000000082200000, 0x0000000082300000|  0%| F|  |TAMS 0x0000000082200000| PB 0x0000000082200000| Untracked 
|  35|0x0000000082300000, 0x0000000082300000, 0x0000000082400000|  0%| F|  |TAMS 0x0000000082300000| PB 0x0000000082300000| Untracked 
|  36|0x0000000082400000, 0x0000000082400000, 0x0000000082500000|  0%| F|  |TAMS 0x0000000082400000| PB 0x0000000082400000| Untracked 
|  37|0x0000000082500000, 0x0000000082500000, 0x0000000082600000|  0%| F|  |TAMS 0x0000000082500000| PB 0x0000000082500000| Untracked 
|  38|0x0000000082600000, 0x0000000082600000, 0x0000000082700000|  0%| F|  |TAMS 0x0000000082600000| PB 0x0000000082600000| Untracked 
|  39|0x0000000082700000, 0x0000000082700000, 0x0000000082800000|  0%| F|  |TAMS 0x0000000082700000| PB 0x0000000082700000| Untracked 
|  40|0x0000000082800000, 0x0000000082800000, 0x0000000082900000|  0%| F|  |TAMS 0x0000000082800000| PB 0x0000000082800000| Untracked 
|  41|0x0000000082900000, 0x0000000082900000, 0x0000000082a00000|  0%| F|  |TAMS 0x0000000082900000| PB 0x0000000082900000| Untracked 
|  42|0x0000000082a00000, 0x0000000082a00000, 0x0000000082b00000|  0%| F|  |TAMS 0x0000000082a00000| PB 0x0000000082a00000| Untracked 
|  43|0x0000000082b00000, 0x0000000082b00000, 0x0000000082c00000|  0%| F|  |TAMS 0x0000000082b00000| PB 0x0000000082b00000| Untracked 
|  44|0x0000000082c00000, 0x0000000082c00000, 0x0000000082d00000|  0%| F|  |TAMS 0x0000000082c00000| PB 0x0000000082c00000| Untracked 
|  45|0x0000000082d00000, 0x0000000082d00000, 0x0000000082e00000|  0%| F|  |TAMS 0x0000000082d00000| PB 0x0000000082d00000| Untracked 
|  46|0x0000000082e00000, 0x0000000082e00000, 0x0000000082f00000|  0%| F|  |TAMS 0x0000000082e00000| PB 0x0000000082e00000| Untracked 
|  47|0x0000000082f00000, 0x0000000082f00000, 0x0000000083000000|  0%| F|  |TAMS 0x0000000082f00000| PB 0x0000000082f00000| Untracked 
|  48|0x0000000083000000, 0x0000000083000000, 0x0000000083100000|  0%| F|  |TAMS 0x0000000083000000| PB 0x0000000083000000| Untracked 
|  49|0x0000000083100000, 0x0000000083100000, 0x0000000083200000|  0%| F|  |TAMS 0x0000000083100000| PB 0x0000000083100000| Untracked 
|  50|0x0000000083200000, 0x0000000083200000, 0x0000000083300000|  0%| F|  |TAMS 0x0000000083200000| PB 0x0000000083200000| Untracked 
|  51|0x0000000083300000, 0x0000000083300000, 0x0000000083400000|  0%| F|  |TAMS 0x0000000083300000| PB 0x0000000083300000| Untracked 
|  52|0x0000000083400000, 0x0000000083400000, 0x0000000083500000|  0%| F|  |TAMS 0x0000000083400000| PB 0x0000000083400000| Untracked 
|  53|0x0000000083500000, 0x0000000083500000, 0x0000000083600000|  0%| F|  |TAMS 0x0000000083500000| PB 0x0000000083500000| Untracked 
|  54|0x0000000083600000, 0x0000000083600000, 0x0000000083700000|  0%| F|  |TAMS 0x0000000083600000| PB 0x0000000083600000| Untracked 
|  55|0x0000000083700000, 0x0000000083700000, 0x0000000083800000|  0%| F|  |TAMS 0x0000000083700000| PB 0x0000000083700000| Untracked 
|  56|0x0000000083800000, 0x0000000083800000, 0x0000000083900000|  0%| F|  |TAMS 0x0000000083800000| PB 0x0000000083800000| Untracked 
|  57|0x0000000083900000, 0x0000000083900000, 0x0000000083a00000|  0%| F|  |TAMS 0x0000000083900000| PB 0x0000000083900000| Untracked 
|  58|0x0000000083a00000, 0x0000000083a00000, 0x0000000083b00000|  0%| F|  |TAMS 0x0000000083a00000| PB 0x0000000083a00000| Untracked 
|  59|0x0000000083b00000, 0x0000000083b00000, 0x0000000083c00000|  0%| F|  |TAMS 0x0000000083b00000| PB 0x0000000083b00000| Untracked 
|  60|0x0000000083c00000, 0x0000000083c00000, 0x0000000083d00000|  0%| F|  |TAMS 0x0000000083c00000| PB 0x0000000083c00000| Untracked 
|  61|0x0000000083d00000, 0x0000000083d00000, 0x0000000083e00000|  0%| F|  |TAMS 0x0000000083d00000| PB 0x0000000083d00000| Untracked 
|  62|0x0000000083e00000, 0x0000000083e00000, 0x0000000083f00000|  0%| F|  |TAMS 0x0000000083e00000| PB 0x0000000083e00000| Untracked 
|  63|0x0000000083f00000, 0x0000000083f00000, 0x0000000084000000|  0%| F|  |TAMS 0x0000000083f00000| PB 0x0000000083f00000| Untracked 
|  64|0x0000000084000000, 0x0000000084000000, 0x0000000084100000|  0%| F|  |TAMS 0x0000000084000000| PB 0x0000000084000000| Untracked 
|  65|0x0000000084100000, 0x0000000084100000, 0x0000000084200000|  0%| F|  |TAMS 0x0000000084100000| PB 0x0000000084100000| Untracked 
|  66|0x0000000084200000, 0x0000000084200000, 0x0000000084300000|  0%| F|  |TAMS 0x0000000084200000| PB 0x0000000084200000| Untracked 
|  67|0x0000000084300000, 0x0000000084300000, 0x0000000084400000|  0%| F|  |TAMS 0x0000000084300000| PB 0x0000000084300000| Untracked 
|  68|0x0000000084400000, 0x0000000084400000, 0x0000000084500000|  0%| F|  |TAMS 0x0000000084400000| PB 0x0000000084400000| Untracked 
|  69|0x0000000084500000, 0x0000000084500000, 0x0000000084600000|  0%| F|  |TAMS 0x0000000084500000| PB 0x0000000084500000| Untracked 
|  70|0x0000000084600000, 0x0000000084600000, 0x0000000084700000|  0%| F|  |TAMS 0x0000000084600000| PB 0x0000000084600000| Untracked 
|  71|0x0000000084700000, 0x0000000084700000, 0x0000000084800000|  0%| F|  |TAMS 0x0000000084700000| PB 0x0000000084700000| Untracked 
|  72|0x0000000084800000, 0x0000000084800000, 0x0000000084900000|  0%| F|  |TAMS 0x0000000084800000| PB 0x0000000084800000| Untracked 
|  73|0x0000000084900000, 0x0000000084900000, 0x0000000084a00000|  0%| F|  |TAMS 0x0000000084900000| PB 0x0000000084900000| Untracked 
|  74|0x0000000084a00000, 0x0000000084a00000, 0x0000000084b00000|  0%| F|  |TAMS 0x0000000084a00000| PB 0x0000000084a00000| Untracked 
|  75|0x0000000084b00000, 0x0000000084b00000, 0x0000000084c00000|  0%| F|  |TAMS 0x0000000084b00000| PB 0x0000000084b00000| Untracked 
|  76|0x0000000084c00000, 0x0000000084c00000, 0x0000000084d00000|  0%| F|  |TAMS 0x0000000084c00000| PB 0x0000000084c00000| Untracked 
|  77|0x0000000084d00000, 0x0000000084d00000, 0x0000000084e00000|  0%| F|  |TAMS 0x0000000084d00000| PB 0x0000000084d00000| Untracked 
|  78|0x0000000084e00000, 0x0000000084e00000, 0x0000000084f00000|  0%| F|  |TAMS 0x0000000084e00000| PB 0x0000000084e00000| Untracked 
|  79|0x0000000084f00000, 0x0000000084f00000, 0x0000000085000000|  0%| F|  |TAMS 0x0000000084f00000| PB 0x0000000084f00000| Untracked 
|  80|0x0000000085000000, 0x0000000085000000, 0x0000000085100000|  0%| F|  |TAMS 0x0000000085000000| PB 0x0000000085000000| Untracked 
|  81|0x0000000085100000, 0x0000000085100000, 0x0000000085200000|  0%| F|  |TAMS 0x0000000085100000| PB 0x0000000085100000| Untracked 
|  82|0x0000000085200000, 0x0000000085200000, 0x0000000085300000|  0%| F|  |TAMS 0x0000000085200000| PB 0x0000000085200000| Untracked 
|  83|0x0000000085300000, 0x0000000085300000, 0x0000000085400000|  0%| F|  |TAMS 0x0000000085300000| PB 0x0000000085300000| Untracked 
|  84|0x0000000085400000, 0x0000000085400000, 0x0000000085500000|  0%| F|  |TAMS 0x0000000085400000| PB 0x0000000085400000| Untracked 
|  85|0x0000000085500000, 0x0000000085500000, 0x0000000085600000|  0%| F|  |TAMS 0x0000000085500000| PB 0x0000000085500000| Untracked 
|  86|0x0000000085600000, 0x0000000085600000, 0x0000000085700000|  0%| F|  |TAMS 0x0000000085600000| PB 0x0000000085600000| Untracked 
|  87|0x0000000085700000, 0x0000000085700000, 0x0000000085800000|  0%| F|  |TAMS 0x0000000085700000| PB 0x0000000085700000| Untracked 
|  88|0x0000000085800000, 0x0000000085800000, 0x0000000085900000|  0%| F|  |TAMS 0x0000000085800000| PB 0x0000000085800000| Untracked 
|  89|0x0000000085900000, 0x0000000085900000, 0x0000000085a00000|  0%| F|  |TAMS 0x0000000085900000| PB 0x0000000085900000| Untracked 
|  90|0x0000000085a00000, 0x0000000085a00000, 0x0000000085b00000|  0%| F|  |TAMS 0x0000000085a00000| PB 0x0000000085a00000| Untracked 
|  91|0x0000000085b00000, 0x0000000085b00000, 0x0000000085c00000|  0%| F|  |TAMS 0x0000000085b00000| PB 0x0000000085b00000| Untracked 
|  92|0x0000000085c00000, 0x0000000085c00000, 0x0000000085d00000|  0%| F|  |TAMS 0x0000000085c00000| PB 0x0000000085c00000| Untracked 
|  93|0x0000000085d00000, 0x0000000085d00000, 0x0000000085e00000|  0%| F|  |TAMS 0x0000000085d00000| PB 0x0000000085d00000| Untracked 
|  94|0x0000000085e00000, 0x0000000085e00000, 0x0000000085f00000|  0%| F|  |TAMS 0x0000000085e00000| PB 0x0000000085e00000| Untracked 
|  95|0x0000000085f00000, 0x0000000085f00000, 0x0000000086000000|  0%| F|  |TAMS 0x0000000085f00000| PB 0x0000000085f00000| Untracked 
|  96|0x0000000086000000, 0x0000000086000000, 0x0000000086100000|  0%| F|  |TAMS 0x0000000086000000| PB 0x0000000086000000| Untracked 
|  97|0x0000000086100000, 0x0000000086100000, 0x0000000086200000|  0%| F|  |TAMS 0x0000000086100000| PB 0x0000000086100000| Untracked 
|  98|0x0000000086200000, 0x0000000086200000, 0x0000000086300000|  0%| F|  |TAMS 0x0000000086200000| PB 0x0000000086200000| Untracked 
|  99|0x0000000086300000, 0x0000000086300000, 0x0000000086400000|  0%| F|  |TAMS 0x0000000086300000| PB 0x0000000086300000| Untracked 
| 100|0x0000000086400000, 0x0000000086400000, 0x0000000086500000|  0%| F|  |TAMS 0x0000000086400000| PB 0x0000000086400000| Untracked 
| 101|0x0000000086500000, 0x0000000086500000, 0x0000000086600000|  0%| F|  |TAMS 0x0000000086500000| PB 0x0000000086500000| Untracked 
| 102|0x0000000086600000, 0x0000000086600000, 0x0000000086700000|  0%| F|  |TAMS 0x0000000086600000| PB 0x0000000086600000| Untracked 
| 103|0x0000000086700000, 0x0000000086700000, 0x0000000086800000|  0%| F|  |TAMS 0x0000000086700000| PB 0x0000000086700000| Untracked 
| 104|0x0000000086800000, 0x0000000086800000, 0x0000000086900000|  0%| F|  |TAMS 0x0000000086800000| PB 0x0000000086800000| Untracked 
| 105|0x0000000086900000, 0x0000000086900000, 0x0000000086a00000|  0%| F|  |TAMS 0x0000000086900000| PB 0x0000000086900000| Untracked 
| 106|0x0000000086a00000, 0x0000000086a00000, 0x0000000086b00000|  0%| F|  |TAMS 0x0000000086a00000| PB 0x0000000086a00000| Untracked 
| 107|0x0000000086b00000, 0x0000000086b00000, 0x0000000086c00000|  0%| F|  |TAMS 0x0000000086b00000| PB 0x0000000086b00000| Untracked 
| 108|0x0000000086c00000, 0x0000000086c00000, 0x0000000086d00000|  0%| F|  |TAMS 0x0000000086c00000| PB 0x0000000086c00000| Untracked 
| 109|0x0000000086d00000, 0x0000000086d00000, 0x0000000086e00000|  0%| F|  |TAMS 0x0000000086d00000| PB 0x0000000086d00000| Untracked 
| 110|0x0000000086e00000, 0x0000000086e00000, 0x0000000086f00000|  0%| F|  |TAMS 0x0000000086e00000| PB 0x0000000086e00000| Untracked 
| 111|0x0000000086f00000, 0x0000000086f00000, 0x0000000087000000|  0%| F|  |TAMS 0x0000000086f00000| PB 0x0000000086f00000| Untracked 
| 112|0x0000000087000000, 0x0000000087000000, 0x0000000087100000|  0%| F|  |TAMS 0x0000000087000000| PB 0x0000000087000000| Untracked 
| 113|0x0000000087100000, 0x0000000087100000, 0x0000000087200000|  0%| F|  |TAMS 0x0000000087100000| PB 0x0000000087100000| Untracked 
| 114|0x0000000087200000, 0x0000000087200000, 0x0000000087300000|  0%| F|  |TAMS 0x0000000087200000| PB 0x0000000087200000| Untracked 
| 115|0x0000000087300000, 0x0000000087300000, 0x0000000087400000|  0%| F|  |TAMS 0x0000000087300000| PB 0x0000000087300000| Untracked 
| 116|0x0000000087400000, 0x0000000087400000, 0x0000000087500000|  0%| F|  |TAMS 0x0000000087400000| PB 0x0000000087400000| Untracked 
| 117|0x0000000087500000, 0x0000000087500000, 0x0000000087600000|  0%| F|  |TAMS 0x0000000087500000| PB 0x0000000087500000| Untracked 
| 118|0x0000000087600000, 0x0000000087600000, 0x0000000087700000|  0%| F|  |TAMS 0x0000000087600000| PB 0x0000000087600000| Untracked 
| 119|0x0000000087700000, 0x0000000087700000, 0x0000000087800000|  0%| F|  |TAMS 0x0000000087700000| PB 0x0000000087700000| Untracked 
| 120|0x0000000087800000, 0x0000000087800000, 0x0000000087900000|  0%| F|  |TAMS 0x0000000087800000| PB 0x0000000087800000| Untracked 
| 121|0x0000000087900000, 0x0000000087900000, 0x0000000087a00000|  0%| F|  |TAMS 0x0000000087900000| PB 0x0000000087900000| Untracked 
| 122|0x0000000087a00000, 0x0000000087a00000, 0x0000000087b00000|  0%| F|  |TAMS 0x0000000087a00000| PB 0x0000000087a00000| Untracked 
| 123|0x0000000087b00000, 0x0000000087b00000, 0x0000000087c00000|  0%| F|  |TAMS 0x0000000087b00000| PB 0x0000000087b00000| Untracked 
| 124|0x0000000087c00000, 0x0000000087c00000, 0x0000000087d00000|  0%| F|  |TAMS 0x0000000087c00000| PB 0x0000000087c00000| Untracked 
| 125|0x0000000087d00000, 0x0000000087d00000, 0x0000000087e00000|  0%| F|  |TAMS 0x0000000087d00000| PB 0x0000000087d00000| Untracked 
| 126|0x0000000087e00000, 0x0000000087e00000, 0x0000000087f00000|  0%| F|  |TAMS 0x0000000087e00000| PB 0x0000000087e00000| Untracked 
| 127|0x0000000087f00000, 0x0000000087f00000, 0x0000000088000000|  0%| F|  |TAMS 0x0000000087f00000| PB 0x0000000087f00000| Untracked 
| 128|0x0000000088000000, 0x0000000088000000, 0x0000000088100000|  0%| F|  |TAMS 0x0000000088000000| PB 0x0000000088000000| Untracked 
| 129|0x0000000088100000, 0x0000000088100000, 0x0000000088200000|  0%| F|  |TAMS 0x0000000088100000| PB 0x0000000088100000| Untracked 
| 130|0x0000000088200000, 0x0000000088200000, 0x0000000088300000|  0%| F|  |TAMS 0x0000000088200000| PB 0x0000000088200000| Untracked 
| 131|0x0000000088300000, 0x0000000088300000, 0x0000000088400000|  0%| F|  |TAMS 0x0000000088300000| PB 0x0000000088300000| Untracked 
| 132|0x0000000088400000, 0x0000000088400000, 0x0000000088500000|  0%| F|  |TAMS 0x0000000088400000| PB 0x0000000088400000| Untracked 
| 133|0x0000000088500000, 0x0000000088500000, 0x0000000088600000|  0%| F|  |TAMS 0x0000000088500000| PB 0x0000000088500000| Untracked 
| 134|0x0000000088600000, 0x0000000088600000, 0x0000000088700000|  0%| F|  |TAMS 0x0000000088600000| PB 0x0000000088600000| Untracked 
| 135|0x0000000088700000, 0x0000000088700000, 0x0000000088800000|  0%| F|  |TAMS 0x0000000088700000| PB 0x0000000088700000| Untracked 
| 136|0x0000000088800000, 0x0000000088800000, 0x0000000088900000|  0%| F|  |TAMS 0x0000000088800000| PB 0x0000000088800000| Untracked 
| 137|0x0000000088900000, 0x0000000088900000, 0x0000000088a00000|  0%| F|  |TAMS 0x0000000088900000| PB 0x0000000088900000| Untracked 
| 138|0x0000000088a00000, 0x0000000088a00000, 0x0000000088b00000|  0%| F|  |TAMS 0x0000000088a00000| PB 0x0000000088a00000| Untracked 
| 139|0x0000000088b00000, 0x0000000088b00000, 0x0000000088c00000|  0%| F|  |TAMS 0x0000000088b00000| PB 0x0000000088b00000| Untracked 
| 140|0x0000000088c00000, 0x0000000088c00000, 0x0000000088d00000|  0%| F|  |TAMS 0x0000000088c00000| PB 0x0000000088c00000| Untracked 
| 141|0x0000000088d00000, 0x0000000088d00000, 0x0000000088e00000|  0%| F|  |TAMS 0x0000000088d00000| PB 0x0000000088d00000| Untracked 
| 142|0x0000000088e00000, 0x0000000088e00000, 0x0000000088f00000|  0%| F|  |TAMS 0x0000000088e00000| PB 0x0000000088e00000| Untracked 
| 143|0x0000000088f00000, 0x0000000088f00000, 0x0000000089000000|  0%| F|  |TAMS 0x0000000088f00000| PB 0x0000000088f00000| Untracked 
| 144|0x0000000089000000, 0x0000000089000000, 0x0000000089100000|  0%| F|  |TAMS 0x0000000089000000| PB 0x0000000089000000| Untracked 
| 145|0x0000000089100000, 0x0000000089100000, 0x0000000089200000|  0%| F|  |TAMS 0x0000000089100000| PB 0x0000000089100000| Untracked 
| 146|0x0000000089200000, 0x0000000089200000, 0x0000000089300000|  0%| F|  |TAMS 0x0000000089200000| PB 0x0000000089200000| Untracked 
| 147|0x0000000089300000, 0x0000000089300000, 0x0000000089400000|  0%| F|  |TAMS 0x0000000089300000| PB 0x0000000089300000| Untracked 
| 148|0x0000000089400000, 0x0000000089400000, 0x0000000089500000|  0%| F|  |TAMS 0x0000000089400000| PB 0x0000000089400000| Untracked 
| 149|0x0000000089500000, 0x0000000089500000, 0x0000000089600000|  0%| F|  |TAMS 0x0000000089500000| PB 0x0000000089500000| Untracked 
| 150|0x0000000089600000, 0x0000000089600000, 0x0000000089700000|  0%| F|  |TAMS 0x0000000089600000| PB 0x0000000089600000| Untracked 
| 151|0x0000000089700000, 0x0000000089700000, 0x0000000089800000|  0%| F|  |TAMS 0x0000000089700000| PB 0x0000000089700000| Untracked 
| 152|0x0000000089800000, 0x0000000089800000, 0x0000000089900000|  0%| F|  |TAMS 0x0000000089800000| PB 0x0000000089800000| Untracked 
| 153|0x0000000089900000, 0x0000000089900000, 0x0000000089a00000|  0%| F|  |TAMS 0x0000000089900000| PB 0x0000000089900000| Untracked 
| 154|0x0000000089a00000, 0x0000000089a00000, 0x0000000089b00000|  0%| F|  |TAMS 0x0000000089a00000| PB 0x0000000089a00000| Untracked 
| 155|0x0000000089b00000, 0x0000000089b00000, 0x0000000089c00000|  0%| F|  |TAMS 0x0000000089b00000| PB 0x0000000089b00000| Untracked 
| 156|0x0000000089c00000, 0x0000000089c00000, 0x0000000089d00000|  0%| F|  |TAMS 0x0000000089c00000| PB 0x0000000089c00000| Untracked 
| 157|0x0000000089d00000, 0x0000000089d00000, 0x0000000089e00000|  0%| F|  |TAMS 0x0000000089d00000| PB 0x0000000089d00000| Untracked 
| 158|0x0000000089e00000, 0x0000000089e00000, 0x0000000089f00000|  0%| F|  |TAMS 0x0000000089e00000| PB 0x0000000089e00000| Untracked 
| 159|0x0000000089f00000, 0x0000000089f00000, 0x000000008a000000|  0%| F|  |TAMS 0x0000000089f00000| PB 0x0000000089f00000| Untracked 
| 160|0x000000008a000000, 0x000000008a000000, 0x000000008a100000|  0%| F|  |TAMS 0x000000008a000000| PB 0x000000008a000000| Untracked 
| 161|0x000000008a100000, 0x000000008a100000, 0x000000008a200000|  0%| F|  |TAMS 0x000000008a100000| PB 0x000000008a100000| Untracked 
| 162|0x000000008a200000, 0x000000008a200000, 0x000000008a300000|  0%| F|  |TAMS 0x000000008a200000| PB 0x000000008a200000| Untracked 
| 163|0x000000008a300000, 0x000000008a300000, 0x000000008a400000|  0%| F|  |TAMS 0x000000008a300000| PB 0x000000008a300000| Untracked 
| 164|0x000000008a400000, 0x000000008a400000, 0x000000008a500000|  0%| F|  |TAMS 0x000000008a400000| PB 0x000000008a400000| Untracked 
| 165|0x000000008a500000, 0x000000008a500000, 0x000000008a600000|  0%| F|  |TAMS 0x000000008a500000| PB 0x000000008a500000| Untracked 
| 166|0x000000008a600000, 0x000000008a600000, 0x000000008a700000|  0%| F|  |TAMS 0x000000008a600000| PB 0x000000008a600000| Untracked 
| 167|0x000000008a700000, 0x000000008a700000, 0x000000008a800000|  0%| F|  |TAMS 0x000000008a700000| PB 0x000000008a700000| Untracked 
| 168|0x000000008a800000, 0x000000008a800000, 0x000000008a900000|  0%| F|  |TAMS 0x000000008a800000| PB 0x000000008a800000| Untracked 
| 169|0x000000008a900000, 0x000000008a900000, 0x000000008aa00000|  0%| F|  |TAMS 0x000000008a900000| PB 0x000000008a900000| Untracked 
| 170|0x000000008aa00000, 0x000000008aa00000, 0x000000008ab00000|  0%| F|  |TAMS 0x000000008aa00000| PB 0x000000008aa00000| Untracked 
| 171|0x000000008ab00000, 0x000000008ab00000, 0x000000008ac00000|  0%| F|  |TAMS 0x000000008ab00000| PB 0x000000008ab00000| Untracked 
| 172|0x000000008ac00000, 0x000000008ac00000, 0x000000008ad00000|  0%| F|  |TAMS 0x000000008ac00000| PB 0x000000008ac00000| Untracked 
| 173|0x000000008ad00000, 0x000000008ad00000, 0x000000008ae00000|  0%| F|  |TAMS 0x000000008ad00000| PB 0x000000008ad00000| Untracked 
| 174|0x000000008ae00000, 0x000000008ae00000, 0x000000008af00000|  0%| F|  |TAMS 0x000000008ae00000| PB 0x000000008ae00000| Untracked 
| 175|0x000000008af00000, 0x000000008af00000, 0x000000008b000000|  0%| F|  |TAMS 0x000000008af00000| PB 0x000000008af00000| Untracked 
| 176|0x000000008b000000, 0x000000008b000000, 0x000000008b100000|  0%| F|  |TAMS 0x000000008b000000| PB 0x000000008b000000| Untracked 
| 177|0x000000008b100000, 0x000000008b100000, 0x000000008b200000|  0%| F|  |TAMS 0x000000008b100000| PB 0x000000008b100000| Untracked 
| 178|0x000000008b200000, 0x000000008b200000, 0x000000008b300000|  0%| F|  |TAMS 0x000000008b200000| PB 0x000000008b200000| Untracked 
| 179|0x000000008b300000, 0x000000008b300000, 0x000000008b400000|  0%| F|  |TAMS 0x000000008b300000| PB 0x000000008b300000| Untracked 
| 180|0x000000008b400000, 0x000000008b480000, 0x000000008b500000| 50%| E|  |TAMS 0x000000008b400000| PB 0x000000008b400000| Complete 
| 181|0x000000008b500000, 0x000000008b600000, 0x000000008b600000|100%| E|CS|TAMS 0x000000008b500000| PB 0x000000008b500000| Complete 
| 182|0x000000008b600000, 0x000000008b700000, 0x000000008b700000|100%| E|CS|TAMS 0x000000008b600000| PB 0x000000008b600000| Complete 
| 183|0x000000008b700000, 0x000000008b800000, 0x000000008b800000|100%| E|CS|TAMS 0x000000008b700000| PB 0x000000008b700000| Complete 
| 184|0x000000008b800000, 0x000000008b900000, 0x000000008b900000|100%| E|CS|TAMS 0x000000008b800000| PB 0x000000008b800000| Complete 
| 185|0x000000008b900000, 0x000000008ba00000, 0x000000008ba00000|100%| E|CS|TAMS 0x000000008b900000| PB 0x000000008b900000| Complete 
| 186|0x000000008ba00000, 0x000000008bb00000, 0x000000008bb00000|100%| E|CS|TAMS 0x000000008ba00000| PB 0x000000008ba00000| Complete 
| 187|0x000000008bb00000, 0x000000008bc00000, 0x000000008bc00000|100%| E|CS|TAMS 0x000000008bb00000| PB 0x000000008bb00000| Complete 
| 188|0x000000008bc00000, 0x000000008bd00000, 0x000000008bd00000|100%| E|CS|TAMS 0x000000008bc00000| PB 0x000000008bc00000| Complete 
| 189|0x000000008bd00000, 0x000000008be00000, 0x000000008be00000|100%| E|CS|TAMS 0x000000008bd00000| PB 0x000000008bd00000| Complete 
| 190|0x000000008be00000, 0x000000008bf00000, 0x000000008bf00000|100%| E|CS|TAMS 0x000000008be00000| PB 0x000000008be00000| Complete 
| 191|0x000000008bf00000, 0x000000008c000000, 0x000000008c000000|100%| E|CS|TAMS 0x000000008bf00000| PB 0x000000008bf00000| Complete 
| 192|0x000000008c000000, 0x000000008c100000, 0x000000008c100000|100%| E|CS|TAMS 0x000000008c000000| PB 0x000000008c000000| Complete 
| 193|0x000000008c100000, 0x000000008c1abd10, 0x000000008c200000| 67%| S|CS|TAMS 0x000000008c100000| PB 0x000000008c100000| Complete 
| 194|0x000000008c200000, 0x000000008c300000, 0x000000008c300000|100%| S|CS|TAMS 0x000000008c200000| PB 0x000000008c200000| Complete 
| 195|0x000000008c300000, 0x000000008c400000, 0x000000008c400000|100%| S|CS|TAMS 0x000000008c300000| PB 0x000000008c300000| Complete 
| 196|0x000000008c400000, 0x000000008c500000, 0x000000008c500000|100%| S|CS|TAMS 0x000000008c400000| PB 0x000000008c400000| Complete 
| 197|0x000000008c500000, 0x000000008c600000, 0x000000008c600000|100%| S|CS|TAMS 0x000000008c500000| PB 0x000000008c500000| Complete 
| 198|0x000000008c600000, 0x000000008c700000, 0x000000008c700000|100%| E|CS|TAMS 0x000000008c600000| PB 0x000000008c600000| Complete 
| 199|0x000000008c700000, 0x000000008c800000, 0x000000008c800000|100%| E|CS|TAMS 0x000000008c700000| PB 0x000000008c700000| Complete 
| 200|0x000000008c800000, 0x000000008c900000, 0x000000008c900000|100%| E|CS|TAMS 0x000000008c800000| PB 0x000000008c800000| Complete 
| 201|0x000000008c900000, 0x000000008ca00000, 0x000000008ca00000|100%| E|CS|TAMS 0x000000008c900000| PB 0x000000008c900000| Complete 
| 202|0x000000008ca00000, 0x000000008cb00000, 0x000000008cb00000|100%| E|CS|TAMS 0x000000008ca00000| PB 0x000000008ca00000| Complete 
| 203|0x000000008cb00000, 0x000000008cc00000, 0x000000008cc00000|100%| E|CS|TAMS 0x000000008cb00000| PB 0x000000008cb00000| Complete 
| 204|0x000000008cc00000, 0x000000008cd00000, 0x000000008cd00000|100%| E|CS|TAMS 0x000000008cc00000| PB 0x000000008cc00000| Complete 
| 205|0x000000008cd00000, 0x000000008ce00000, 0x000000008ce00000|100%| E|CS|TAMS 0x000000008cd00000| PB 0x000000008cd00000| Complete 
| 206|0x000000008ce00000, 0x000000008cf00000, 0x000000008cf00000|100%| E|CS|TAMS 0x000000008ce00000| PB 0x000000008ce00000| Complete 
| 207|0x000000008cf00000, 0x000000008d000000, 0x000000008d000000|100%| E|CS|TAMS 0x000000008cf00000| PB 0x000000008cf00000| Complete 
| 208|0x000000008d000000, 0x000000008d100000, 0x000000008d100000|100%| E|CS|TAMS 0x000000008d000000| PB 0x000000008d000000| Complete 
| 209|0x000000008d100000, 0x000000008d200000, 0x000000008d200000|100%| E|CS|TAMS 0x000000008d100000| PB 0x000000008d100000| Complete 
| 210|0x000000008d200000, 0x000000008d300000, 0x000000008d300000|100%| E|CS|TAMS 0x000000008d200000| PB 0x000000008d200000| Complete 
| 211|0x000000008d300000, 0x000000008d400000, 0x000000008d400000|100%| E|CS|TAMS 0x000000008d300000| PB 0x000000008d300000| Complete 
| 212|0x000000008d400000, 0x000000008d500000, 0x000000008d500000|100%| E|CS|TAMS 0x000000008d400000| PB 0x000000008d400000| Complete 
| 213|0x000000008d500000, 0x000000008d600000, 0x000000008d600000|100%| E|CS|TAMS 0x000000008d500000| PB 0x000000008d500000| Complete 
| 214|0x000000008d600000, 0x000000008d700000, 0x000000008d700000|100%| E|CS|TAMS 0x000000008d600000| PB 0x000000008d600000| Complete 
| 215|0x000000008d700000, 0x000000008d800000, 0x000000008d800000|100%| E|CS|TAMS 0x000000008d700000| PB 0x000000008d700000| Complete 
| 216|0x000000008d800000, 0x000000008d900000, 0x000000008d900000|100%| E|CS|TAMS 0x000000008d800000| PB 0x000000008d800000| Complete 
| 217|0x000000008d900000, 0x000000008da00000, 0x000000008da00000|100%| E|CS|TAMS 0x000000008d900000| PB 0x000000008d900000| Complete 
| 218|0x000000008da00000, 0x000000008db00000, 0x000000008db00000|100%| E|CS|TAMS 0x000000008da00000| PB 0x000000008da00000| Complete 
| 219|0x000000008db00000, 0x000000008dc00000, 0x000000008dc00000|100%| E|CS|TAMS 0x000000008db00000| PB 0x000000008db00000| Complete 
| 220|0x000000008dc00000, 0x000000008dd00000, 0x000000008dd00000|100%| E|CS|TAMS 0x000000008dc00000| PB 0x000000008dc00000| Complete 
| 221|0x000000008dd00000, 0x000000008de00000, 0x000000008de00000|100%| E|CS|TAMS 0x000000008dd00000| PB 0x000000008dd00000| Complete 
| 222|0x000000008de00000, 0x000000008df00000, 0x000000008df00000|100%| E|CS|TAMS 0x000000008de00000| PB 0x000000008de00000| Complete 
| 223|0x000000008df00000, 0x000000008e000000, 0x000000008e000000|100%| E|CS|TAMS 0x000000008df00000| PB 0x000000008df00000| Complete 
| 224|0x000000008e000000, 0x000000008e100000, 0x000000008e100000|100%| E|CS|TAMS 0x000000008e000000| PB 0x000000008e000000| Complete 
| 225|0x000000008e100000, 0x000000008e200000, 0x000000008e200000|100%| E|CS|TAMS 0x000000008e100000| PB 0x000000008e100000| Complete 
| 226|0x000000008e200000, 0x000000008e300000, 0x000000008e300000|100%| E|CS|TAMS 0x000000008e200000| PB 0x000000008e200000| Complete 
| 227|0x000000008e300000, 0x000000008e400000, 0x000000008e400000|100%| E|CS|TAMS 0x000000008e300000| PB 0x000000008e300000| Complete 
| 228|0x000000008e400000, 0x000000008e500000, 0x000000008e500000|100%| E|CS|TAMS 0x000000008e400000| PB 0x000000008e400000| Complete 
| 229|0x000000008e500000, 0x000000008e600000, 0x000000008e600000|100%| E|CS|TAMS 0x000000008e500000| PB 0x000000008e500000| Complete 
| 230|0x000000008e600000, 0x000000008e700000, 0x000000008e700000|100%| E|CS|TAMS 0x000000008e600000| PB 0x000000008e600000| Complete 
| 231|0x000000008e700000, 0x000000008e800000, 0x000000008e800000|100%| E|CS|TAMS 0x000000008e700000| PB 0x000000008e700000| Complete 
| 232|0x000000008e800000, 0x000000008e900000, 0x000000008e900000|100%| E|CS|TAMS 0x000000008e800000| PB 0x000000008e800000| Complete 
| 233|0x000000008e900000, 0x000000008ea00000, 0x000000008ea00000|100%| E|CS|TAMS 0x000000008e900000| PB 0x000000008e900000| Complete 
| 234|0x000000008ea00000, 0x000000008eb00000, 0x000000008eb00000|100%| E|CS|TAMS 0x000000008ea00000| PB 0x000000008ea00000| Complete 
| 235|0x000000008eb00000, 0x000000008ec00000, 0x000000008ec00000|100%| E|CS|TAMS 0x000000008eb00000| PB 0x000000008eb00000| Complete 
| 236|0x000000008ec00000, 0x000000008ed00000, 0x000000008ed00000|100%| E|CS|TAMS 0x000000008ec00000| PB 0x000000008ec00000| Complete 
| 237|0x000000008ed00000, 0x000000008ee00000, 0x000000008ee00000|100%| E|CS|TAMS 0x000000008ed00000| PB 0x000000008ed00000| Complete 
| 238|0x000000008ee00000, 0x000000008ef00000, 0x000000008ef00000|100%| E|CS|TAMS 0x000000008ee00000| PB 0x000000008ee00000| Complete 
| 239|0x000000008ef00000, 0x000000008f000000, 0x000000008f000000|100%| E|CS|TAMS 0x000000008ef00000| PB 0x000000008ef00000| Complete 
| 240|0x000000008f000000, 0x000000008f100000, 0x000000008f100000|100%| E|CS|TAMS 0x000000008f000000| PB 0x000000008f000000| Complete 
| 241|0x000000008f100000, 0x000000008f200000, 0x000000008f200000|100%| E|CS|TAMS 0x000000008f100000| PB 0x000000008f100000| Complete 
| 242|0x000000008f200000, 0x000000008f300000, 0x000000008f300000|100%| E|CS|TAMS 0x000000008f200000| PB 0x000000008f200000| Complete 
| 243|0x000000008f300000, 0x000000008f400000, 0x000000008f400000|100%| E|CS|TAMS 0x000000008f300000| PB 0x000000008f300000| Complete 
| 244|0x000000008f400000, 0x000000008f500000, 0x000000008f500000|100%| E|CS|TAMS 0x000000008f400000| PB 0x000000008f400000| Complete 
| 245|0x000000008f500000, 0x000000008f600000, 0x000000008f600000|100%| E|CS|TAMS 0x000000008f500000| PB 0x000000008f500000| Complete 
| 246|0x000000008f600000, 0x000000008f700000, 0x000000008f700000|100%| E|CS|TAMS 0x000000008f600000| PB 0x000000008f600000| Complete 
| 247|0x000000008f700000, 0x000000008f800000, 0x000000008f800000|100%| E|CS|TAMS 0x000000008f700000| PB 0x000000008f700000| Complete 
| 248|0x000000008f800000, 0x000000008f900000, 0x000000008f900000|100%| E|CS|TAMS 0x000000008f800000| PB 0x000000008f800000| Complete 
| 249|0x000000008f900000, 0x000000008fa00000, 0x000000008fa00000|100%| E|CS|TAMS 0x000000008f900000| PB 0x000000008f900000| Complete 
| 250|0x000000008fa00000, 0x000000008fb00000, 0x000000008fb00000|100%| E|CS|TAMS 0x000000008fa00000| PB 0x000000008fa00000| Complete 
| 251|0x000000008fb00000, 0x000000008fc00000, 0x000000008fc00000|100%| E|CS|TAMS 0x000000008fb00000| PB 0x000000008fb00000| Complete 

Card table byte_map: [0x000002d5f5ab0000,0x000002d5f5eb0000] _byte_map_base: 0x000002d5f56b0000

Marking Bits: (CMBitMap*) 0x000002d5ecabaf70
 Bits: [0x000002d5f5eb0000, 0x000002d5f7eb0000)

Polling page: 0x000002d5ea820000

Metaspace:

Usage:
  Non-class:     15.27 MB used.
      Class:      2.52 MB used.
       Both:     17.79 MB used.

Virtual space:
  Non-class space:       64.00 MB reserved,      15.50 MB ( 24%) committed,  1 nodes.
      Class space:        1.00 GB reserved,       2.75 MB ( <1%) committed,  1 nodes.
             Both:        1.06 GB reserved,      18.25 MB (  2%) committed. 

Chunk freelists:
   Non-Class:  448.00 KB
       Class:  13.06 MB
        Both:  13.50 MB

MaxMetaspaceSize: unlimited
CompressedClassSpaceSize: 1.00 GB
Initial GC threshold: 21.00 MB
Current GC threshold: 21.00 MB
CDS: on
 - commit_granule_bytes: 65536.
 - commit_granule_words: 8192.
 - virtual_space_node_default_size: 8388608.
 - enlarge_chunks_in_place: 1.
 - use_allocation_guard: 0.


Internal statistics:

num_allocs_failed_limit: 0.
num_arena_births: 712.
num_arena_deaths: 0.
num_vsnodes_births: 2.
num_vsnodes_deaths: 0.
num_space_committed: 292.
num_space_uncommitted: 0.
num_chunks_returned_to_freelist: 0.
num_chunks_taken_from_freelist: 1412.
num_chunk_merges: 0.
num_chunk_splits: 885.
num_chunks_enlarged: 577.
num_inconsistent_stats: 0.

CodeHeap 'non-profiled nmethods': size=120000Kb used=1441Kb max_used=1441Kb free=118558Kb
 bounds [0x000002d587ad0000, 0x000002d587d40000, 0x000002d58f000000]
CodeHeap 'profiled nmethods': size=120000Kb used=5739Kb max_used=5739Kb free=114260Kb
 bounds [0x000002d580000000, 0x000002d5805a0000, 0x000002d587530000]
CodeHeap 'non-nmethods': size=5760Kb used=1495Kb max_used=1533Kb free=4264Kb
 bounds [0x000002d587530000, 0x000002d5877a0000, 0x000002d587ad0000]
CodeCache: size=245760Kb, used=8675Kb, max_used=8713Kb, free=237082Kb
 total_blobs=3476, nmethods=2906, adapters=474, full_count=0
Compilation: enabled, stopped_count=0, restarted_count=0

Compilation events (20 events):
Event: 9.538 Thread 0x000002d5fab2fda0 2891       3       jdk.internal.reflect.ReflectionFactory::copyConstructor (11 bytes)
Event: 9.538 Thread 0x000002d5fab2fda0 nmethod 2891 0x000002d58058db10 code [0x000002d58058dcc0, 0x000002d58058deb8]
Event: 9.538 Thread 0x000002d5fab2fda0 2892       3       java.lang.reflect.ReflectAccess::copyConstructor (5 bytes)
Event: 9.538 Thread 0x000002d5fab2fda0 nmethod 2892 0x000002d58058e010 code [0x000002d58058e1c0, 0x000002d58058e300]
Event: 9.539 Thread 0x000002d5fab2fda0 2894       3       java.io.DataOutputStream::writeUTF (389 bytes)
Event: 9.544 Thread 0x000002d5fab2fda0 nmethod 2894 0x000002d58058e410 code [0x000002d58058e820, 0x000002d580590ae0]
Event: 9.544 Thread 0x000002d5fab2fda0 2897       3       jdk.internal.reflect.ClassFileAssembler::emitConstantPoolClass (23 bytes)
Event: 9.545 Thread 0x000002d5fab2fda0 nmethod 2897 0x000002d580591790 code [0x000002d5805919a0, 0x000002d580591e10]
Event: 9.545 Thread 0x000002d5fab2fda0 2896       3       java.io.DataOutputStream::incCount (20 bytes)
Event: 9.545 Thread 0x000002d5fab2fda0 nmethod 2896 0x000002d580592090 code [0x000002d580592220, 0x000002d580592368]
Event: 9.545 Thread 0x000002d5fab2fda0 2898       3       java.lang.Class::searchMethods (104 bytes)
Event: 9.546 Thread 0x000002d5fab2fda0 nmethod 2898 0x000002d580592410 code [0x000002d5805926a0, 0x000002d580593160]
Event: 9.546 Thread 0x000002d5fab2fda0 2899       1       jdk.internal.reflect.ClassFileAssembler::getStack (5 bytes)
Event: 9.546 Thread 0x000002d5fab2fda0 nmethod 2899 0x000002d587c37e90 code [0x000002d587c38020, 0x000002d587c380e8]
Event: 9.547 Thread 0x000002d5fab2fda0 2900       1       java.io.ObjectStreamField::getName (5 bytes)
Event: 9.547 Thread 0x000002d5fab2fda0 nmethod 2900 0x000002d587c38190 code [0x000002d587c38320, 0x000002d587c383e8]
Event: 9.583 Thread 0x000002d5fab2fda0 2901       3       java.lang.reflect.ProxyGenerator$ProxyMethod::emitIconstInsn (75 bytes)
Event: 9.584 Thread 0x000002d5fab2fda0 nmethod 2901 0x000002d580593610 code [0x000002d580593860, 0x000002d5805940e8]
Event: 9.591 Thread 0x000002d5fab2fda0 2902       3       java.lang.invoke.MethodHandles$Lookup::getDirectMethodNoSecurityManager (18 bytes)
Event: 9.591 Thread 0x000002d5fab2fda0 nmethod 2902 0x000002d580594310 code [0x000002d5805944c0, 0x000002d580594610]

GC Heap History (6 events):
Event: 1.367 GC heap before
{Heap before GC invocations=0 (full 0):
 garbage-first heap   total 258048K, used 22528K [0x0000000080000000, 0x0000000100000000)
  region size 1024K, 23 young (23552K), 0 survivors (0K)
 Metaspace       used 1026K, committed 1152K, reserved 1114112K
  class space    used 79K, committed 128K, reserved 1048576K
}
Event: 1.572 GC heap after
{Heap after GC invocations=1 (full 0):
 garbage-first heap   total 258048K, used 1786K [0x0000000080000000, 0x0000000100000000)
  region size 1024K, 2 young (2048K), 2 survivors (2048K)
 Metaspace       used 1026K, committed 1152K, reserved 1114112K
  class space    used 79K, committed 128K, reserved 1048576K
}
Event: 2.976 GC heap before
{Heap before GC invocations=1 (full 0):
 garbage-first heap   total 258048K, used 39674K [0x0000000080000000, 0x0000000100000000)
  region size 1024K, 37 young (37888K), 2 survivors (2048K)
 Metaspace       used 4431K, committed 4608K, reserved 1114112K
  class space    used 558K, committed 640K, reserved 1048576K
}
Event: 2.981 GC heap after
{Heap after GC invocations=2 (full 0):
 garbage-first heap   total 258048K, used 10840K [0x0000000080000000, 0x0000000100000000)
  region size 1024K, 5 young (5120K), 5 survivors (5120K)
 Metaspace       used 4431K, committed 4608K, reserved 1114112K
  class space    used 558K, committed 640K, reserved 1048576K
}
Event: 3.967 GC heap before
{Heap before GC invocations=2 (full 0):
 garbage-first heap   total 258048K, used 63064K [0x0000000080000000, 0x0000000100000000)
  region size 1024K, 54 young (55296K), 5 survivors (5120K)
 Metaspace       used 5202K, committed 5376K, reserved 1114112K
  class space    used 692K, committed 768K, reserved 1048576K
}
Event: 3.972 GC heap after
{Heap after GC invocations=3 (full 0):
 garbage-first heap   total 258048K, used 16745K [0x0000000080000000, 0x0000000100000000)
  region size 1024K, 5 young (5120K), 5 survivors (5120K)
 Metaspace       used 5202K, committed 5376K, reserved 1114112K
  class space    used 692K, committed 768K, reserved 1048576K
}

Dll operation events (15 events):
Event: 0.022 Loaded shared library C:\Program Files\Eclipse Adoptium\jdk-21.0.8.9-hotspot\bin\java.dll
Event: 0.419 Loaded shared library C:\Program Files\Eclipse Adoptium\jdk-21.0.8.9-hotspot\bin\jsvml.dll
Event: 0.420 Loaded shared library C:\Program Files\Eclipse Adoptium\jdk-21.0.8.9-hotspot\bin\zip.dll
Event: 0.431 Loaded shared library C:\Program Files\Eclipse Adoptium\jdk-21.0.8.9-hotspot\bin\instrument.dll
Event: 0.439 Loaded shared library C:\Program Files\Eclipse Adoptium\jdk-21.0.8.9-hotspot\bin\net.dll
Event: 0.444 Loaded shared library C:\Program Files\Eclipse Adoptium\jdk-21.0.8.9-hotspot\bin\nio.dll
Event: 0.450 Loaded shared library C:\Program Files\Eclipse Adoptium\jdk-21.0.8.9-hotspot\bin\zip.dll
Event: 1.232 Loaded shared library C:\Program Files\Eclipse Adoptium\jdk-21.0.8.9-hotspot\bin\jimage.dll
Event: 1.861 Loaded shared library C:\Program Files\Eclipse Adoptium\jdk-21.0.8.9-hotspot\bin\verify.dll
Event: 2.088 Loaded shared library C:\Users\jeffr\.gradle\native\1def1411415f61bf3af743bc5b6707747c0891f09f0c88961ee8f79bc544acac\windows-amd64\native-platform.dll
Event: 2.109 Loaded shared library C:\Users\jeffr\.gradle\native\0.2.7\x86_64-windows-gnu\gradle-fileevents.dll
Event: 4.200 Loaded shared library C:\Program Files\Eclipse Adoptium\jdk-21.0.8.9-hotspot\bin\management.dll
Event: 4.208 Loaded shared library C:\Program Files\Eclipse Adoptium\jdk-21.0.8.9-hotspot\bin\management_ext.dll
Event: 5.418 Loaded shared library C:\Program Files\Eclipse Adoptium\jdk-21.0.8.9-hotspot\bin\extnet.dll
Event: 6.166 Loaded shared library C:\Program Files\Eclipse Adoptium\jdk-21.0.8.9-hotspot\bin\sunmscapi.dll

Deoptimization events (20 events):
Event: 8.752 Thread 0x000002d5d03a34d0 DEOPT PACKING pc=0x000002d587bd53ac sp=0x000000ebf10faf30
Event: 8.752 Thread 0x000002d5d03a34d0 DEOPT UNPACKING pc=0x000002d5875846a2 sp=0x000000ebf10fae60 mode 2
Event: 8.786 Thread 0x000002d5d03a34d0 Uncommon trap: trap_request=0xffffff45 fr.pc=0x000002d587af312c relative=0x0000000000000d2c
Event: 8.786 Thread 0x000002d5d03a34d0 Uncommon trap: reason=unstable_if action=reinterpret pc=0x000002d587af312c method=java.io.WinNTFileSystem.resolve(Ljava/lang/String;Ljava/lang/String;)Ljava/lang/String; @ 19 c2
Event: 8.786 Thread 0x000002d5d03a34d0 DEOPT PACKING pc=0x000002d587af312c sp=0x000000ebf10fb2b0
Event: 8.786 Thread 0x000002d5d03a34d0 DEOPT UNPACKING pc=0x000002d5875846a2 sp=0x000000ebf10fb248 mode 2
Event: 8.842 Thread 0x000002d5d03a34d0 Uncommon trap: trap_request=0xffffff45 fr.pc=0x000002d587b63e94 relative=0x0000000000000634
Event: 8.842 Thread 0x000002d5d03a34d0 Uncommon trap: reason=unstable_if action=reinterpret pc=0x000002d587b63e94 method=java.io.File.getName()Ljava/lang/String; @ 16 c2
Event: 8.842 Thread 0x000002d5d03a34d0 DEOPT PACKING pc=0x000002d587b63e94 sp=0x000000ebf10fb270
Event: 8.842 Thread 0x000002d5d03a34d0 DEOPT UNPACKING pc=0x000002d5875846a2 sp=0x000000ebf10fb240 mode 2
Event: 8.919 Thread 0x000002d5d03a34d0 DEOPT PACKING pc=0x000002d580484902 sp=0x000000ebf10f9ae0
Event: 8.919 Thread 0x000002d5d03a34d0 DEOPT UNPACKING pc=0x000002d587584e42 sp=0x000000ebf10f8ff0 mode 0
Event: 8.978 Thread 0x000002d5d03a34d0 Uncommon trap: trap_request=0xffffff45 fr.pc=0x000002d587afab94 relative=0x00000000000000f4
Event: 8.978 Thread 0x000002d5d03a34d0 Uncommon trap: reason=unstable_if action=reinterpret pc=0x000002d587afab94 method=java.util.HashMap.hash(Ljava/lang/Object;)I @ 1 c2
Event: 8.978 Thread 0x000002d5d03a34d0 DEOPT PACKING pc=0x000002d587afab94 sp=0x000000ebf10fc360
Event: 8.978 Thread 0x000002d5d03a34d0 DEOPT UNPACKING pc=0x000002d5875846a2 sp=0x000000ebf10fc2a0 mode 2
Event: 9.544 Thread 0x000002d5d0554560 Uncommon trap: trap_request=0xffffff45 fr.pc=0x000002d587bcaa9c relative=0x000000000000017c
Event: 9.544 Thread 0x000002d5d0554560 Uncommon trap: reason=unstable_if action=reinterpret pc=0x000002d587bcaa9c method=java.util.concurrent.locks.ReentrantLock$NonfairSync.initialTryLock()Z @ 25 c2
Event: 9.544 Thread 0x000002d5d0554560 DEOPT PACKING pc=0x000002d587bcaa9c sp=0x000000ebf11ff400
Event: 9.544 Thread 0x000002d5d0554560 DEOPT UNPACKING pc=0x000002d5875846a2 sp=0x000000ebf11ff3a0 mode 2

Classes loaded (20 events):
Event: 9.336 Loading class java/lang/invoke/BoundMethodHandle$Species_LLLLLLLLLLLLLLLLLLLLLL
Event: 9.336 Loading class java/lang/invoke/BoundMethodHandle$Species_LLLLLLLLLLLLLLLLLLLLLL done
Event: 9.339 Loading class java/lang/invoke/BoundMethodHandle$Species_LLLLLLLLLLLLLLLLLLLLLLL
Event: 9.339 Loading class java/lang/invoke/BoundMethodHandle$Species_LLLLLLLLLLLLLLLLLLLLLLL done
Event: 9.342 Loading class java/lang/invoke/BoundMethodHandle$Species_LLLLLLLLLLLLLLLLLLLLLLLL
Event: 9.342 Loading class java/lang/invoke/BoundMethodHandle$Species_LLLLLLLLLLLLLLLLLLLLLLLL done
Event: 9.455 Loading class java/util/Collections$2
Event: 9.456 Loading class java/util/Collections$2 done
Event: 9.531 Loading class java/io/ObjectOutputStream$BlockDataOutputStream
Event: 9.532 Loading class java/io/ObjectOutputStream$BlockDataOutputStream done
Event: 9.532 Loading class java/io/ObjectOutputStream$HandleTable
Event: 9.535 Loading class java/io/ObjectOutputStream$HandleTable done
Event: 9.535 Loading class java/io/ObjectOutputStream$ReplaceTable
Event: 9.535 Loading class java/io/ObjectOutputStream$ReplaceTable done
Event: 9.543 Loading class java/io/UnsupportedEncodingException
Event: 9.543 Loading class java/io/UnsupportedEncodingException done
Event: 9.543 Loading class java/nio/charset/CharacterCodingException
Event: 9.543 Loading class java/nio/charset/CharacterCodingException done
Event: 9.543 Loading class java/util/stream/IntStream
Event: 9.545 Loading class java/util/stream/IntStream done

Classes unloaded (0 events):
No events

Classes redefined (0 events):
No events

Internal exceptions (20 events):
Event: 8.922 Thread 0x000002d5d03a34d0 Exception <a 'java/lang/IncompatibleClassChangeError'{0x000000008c6cc788}: Found class java.lang.Object, but interface was expected> (0x000000008c6cc788) 
thrown [s\src\hotspot\share\interpreter\linkResolver.cpp, line 840]
Event: 8.978 Thread 0x000002d5d03a34d0 Implicit null exception at 0x000002d587afaae6 to 0x000002d587afab8a
Event: 9.060 Thread 0x000002d5d03a34d0 Exception <a 'java/lang/NoSuchMethodError'{0x000000008bfd5138}: 'int java.lang.invoke.DirectMethodHandle$Holder.invokeStatic(java.lang.Object, java.lang.Object, java.lang.Object, java.lang.Object)'> (0x000000008bfd5138) 
thrown [s\src\hotspot\share\interpreter\linkResolver.cpp, line 773]
Event: 9.265 Thread 0x000002d5d03a34d0 Exception <a 'java/lang/NoSuchMethodError'{0x000000008bc5ca18}: 'java.lang.Object java.lang.invoke.DelegatingMethodHandle$Holder.reinvoke_L(java.lang.Object, java.lang.Object, java.lang.Object, java.lang.Object, java.lang.Object, java.lang.Object, java.lang.Object, java.lang.Object, java.lang.Object, java.lang.Object, java.lang.Object, java.lang.Object, java.lang.Object, java.lang.Object, java.lang.Object, java.lang.Object, java.lang.Object, java.lang.Object, java.lang.Object, java.lang.Object, java.lang.O
Event: 9.275 Thread 0x000002d5d03a34d0 Exception <a 'java/lang/NoSuchMethodError'{0x000000008bccbe58}: 'java.lang.Object java.lang.invoke.DirectMethodHandle$Holder.invokeStatic(java.lang.Object, java.lang.Object, java.lang.Object, java.lang.Object, java.lang.Object, java.lang.Object, java.lang.Object, java.lang.Object, java.lang.Object, java.lang.Object, java.lang.Object, java.lang.Object, java.lang.Object, java.lang.Object, java.lang.Object, java.lang.Object, java.lang.Object)'> (0x000000008bccbe58) 
thrown [s\src\hotspot\share\interpreter\lin
Event: 9.280 Thread 0x000002d5d03a34d0 Exception <a 'java/lang/NoSuchMethodError'{0x000000008bcf4c20}: 'java.lang.Object java.lang.invoke.DirectMethodHandle$Holder.invokeStatic(java.lang.Object, java.lang.Object, java.lang.Object, java.lang.Object, java.lang.Object, java.lang.Object, java.lang.Object, java.lang.Object, java.lang.Object, java.lang.Object, java.lang.Object, java.lang.Object, java.lang.Object, java.lang.Object, java.lang.Object, java.lang.Object, java.lang.Object, java.lang.Object)'> (0x000000008bcf4c20) 
thrown [s\src\hotspot\sha
Event: 9.316 Thread 0x000002d5d03a34d0 Exception <a 'java/lang/NoSuchMethodError'{0x000000008bb1f0a0}: 'java.lang.Object java.lang.invoke.DirectMethodHandle$Holder.invokeStatic(java.lang.Object, java.lang.Object, java.lang.Object, java.lang.Object, java.lang.Object, java.lang.Object, java.lang.Object, java.lang.Object, java.lang.Object, java.lang.Object, java.lang.Object, java.lang.Object, java.lang.Object, java.lang.Object, java.lang.Object, java.lang.Object, java.lang.Object, java.lang.Object, java.lang.Object)'> (0x000000008bb1f0a0) 
thrown 
Event: 9.319 Thread 0x000002d5d03a34d0 Exception <a 'java/lang/NoSuchMethodError'{0x000000008bb4a728}: 'java.lang.Object java.lang.invoke.DirectMethodHandle$Holder.invokeStatic(java.lang.Object, java.lang.Object, java.lang.Object, java.lang.Object, java.lang.Object, java.lang.Object, java.lang.Object, java.lang.Object, java.lang.Object, java.lang.Object, java.lang.Object, java.lang.Object, java.lang.Object, java.lang.Object, java.lang.Object, java.lang.Object, java.lang.Object, java.lang.Object, java.lang.Object, java.lang.Object)'> (0x00000000
Event: 9.323 Thread 0x000002d5d03a34d0 Exception <a 'java/lang/NoSuchMethodError'{0x000000008bb76fd8}: 'java.lang.Object java.lang.invoke.DirectMethodHandle$Holder.invokeStatic(java.lang.Object, java.lang.Object, java.lang.Object, java.lang.Object, java.lang.Object, java.lang.Object, java.lang.Object, java.lang.Object, java.lang.Object, java.lang.Object, java.lang.Object, java.lang.Object, java.lang.Object, java.lang.Object, java.lang.Object, java.lang.Object, java.lang.Object, java.lang.Object, java.lang.Object, java.lang.Object, java.lang.Obj
Event: 9.325 Thread 0x000002d5d03a34d0 Exception <a 'java/lang/NoSuchMethodError'{0x000000008bba4cc8}: 'java.lang.Object java.lang.invoke.DirectMethodHandle$Holder.invokeStatic(java.lang.Object, java.lang.Object, java.lang.Object, java.lang.Object, java.lang.Object, java.lang.Object, java.lang.Object, java.lang.Object, java.lang.Object, java.lang.Object, java.lang.Object, java.lang.Object, java.lang.Object, java.lang.Object, java.lang.Object, java.lang.Object, java.lang.Object, java.lang.Object, java.lang.Object, java.lang.Object, java.lang.Obj
Event: 9.329 Thread 0x000002d5d03a34d0 Exception <a 'java/lang/NoSuchMethodError'{0x000000008bbd3838}: 'java.lang.Object java.lang.invoke.DirectMethodHandle$Holder.invokeStatic(java.lang.Object, java.lang.Object, java.lang.Object, java.lang.Object, java.lang.Object, java.lang.Object, java.lang.Object, java.lang.Object, java.lang.Object, java.lang.Object, java.lang.Object, java.lang.Object, java.lang.Object, java.lang.Object, java.lang.Object, java.lang.Object, java.lang.Object, java.lang.Object, java.lang.Object, java.lang.Object, java.lang.Obj
Event: 9.334 Thread 0x000002d5d03a34d0 Exception <a 'java/lang/NoSuchMethodError'{0x000000008ba04570}: 'java.lang.Object java.lang.invoke.DirectMethodHandle$Holder.invokeStatic(java.lang.Object, java.lang.Object, java.lang.Object, java.lang.Object, java.lang.Object, java.lang.Object, java.lang.Object, java.lang.Object, java.lang.Object, java.lang.Object, java.lang.Object, java.lang.Object, java.lang.Object, java.lang.Object, java.lang.Object, java.lang.Object, java.lang.Object, java.lang.Object, java.lang.Object, java.lang.Object, java.lang.Obj
Event: 9.338 Thread 0x000002d5d03a34d0 Exception <a 'java/lang/NoSuchMethodError'{0x000000008ba34cf0}: 'java.lang.Object java.lang.invoke.DirectMethodHandle$Holder.invokeStatic(java.lang.Object, java.lang.Object, java.lang.Object, java.lang.Object, java.lang.Object, java.lang.Object, java.lang.Object, java.lang.Object, java.lang.Object, java.lang.Object, java.lang.Object, java.lang.Object, java.lang.Object, java.lang.Object, java.lang.Object, java.lang.Object, java.lang.Object, java.lang.Object, java.lang.Object, java.lang.Object, java.lang.Obj
Event: 9.340 Thread 0x000002d5d03a34d0 Exception <a 'java/lang/NoSuchMethodError'{0x000000008ba65bd8}: 'java.lang.Object java.lang.invoke.DirectMethodHandle$Holder.invokeStatic(java.lang.Object, java.lang.Object, java.lang.Object, java.lang.Object, java.lang.Object, java.lang.Object, java.lang.Object, java.lang.Object, java.lang.Object, java.lang.Object, java.lang.Object, java.lang.Object, java.lang.Object, java.lang.Object, java.lang.Object, java.lang.Object, java.lang.Object, java.lang.Object, java.lang.Object, java.lang.Object, java.lang.Obj
Event: 9.345 Thread 0x000002d5d03a34d0 Exception <a 'java/lang/NoSuchMethodError'{0x000000008ba988e8}: 'java.lang.Object java.lang.invoke.DirectMethodHandle$Holder.invokeStatic(java.lang.Object, java.lang.Object, java.lang.Object, java.lang.Object, java.lang.Object, java.lang.Object, java.lang.Object, java.lang.Object, java.lang.Object, java.lang.Object, java.lang.Object, java.lang.Object, java.lang.Object, java.lang.Object, java.lang.Object, java.lang.Object, java.lang.Object, java.lang.Object, java.lang.Object, java.lang.Object, java.lang.Obj
Event: 9.421 Thread 0x000002d5d03a34d0 Exception <a 'java/lang/IncompatibleClassChangeError'{0x000000008b9e1d48}: Found class java.lang.Object, but interface was expected> (0x000000008b9e1d48) 
thrown [s\src\hotspot\share\interpreter\linkResolver.cpp, line 840]
Event: 9.537 Thread 0x000002d5ff17ed70 Exception <a 'java/lang/NoSuchMethodError'{0x000000008e213bc8}: static Lorg/gradle/internal/build/event/types/DefaultOperationStartedProgressEvent;.<clinit>()V> (0x000000008e213bc8) 
thrown [s\src\hotspot\share\prims\jni.cpp, line 1111]
Event: 9.537 Thread 0x000002d5ff17ed70 Exception <a 'java/lang/NoSuchMethodError'{0x000000008e215200}: static Lorg/gradle/internal/build/event/types/AbstractProgressEvent;.<clinit>()V> (0x000000008e215200) 
thrown [s\src\hotspot\share\prims\jni.cpp, line 1111]
Event: 9.538 Thread 0x000002d5ff17ed70 Exception <a 'java/lang/NoSuchMethodError'{0x000000008e21ddf8}: static Lorg/gradle/internal/build/event/types/DefaultOperationDescriptor;.<clinit>()V> (0x000000008e21ddf8) 
thrown [s\src\hotspot\share\prims\jni.cpp, line 1111]
Event: 9.547 Thread 0x000002d5ff17ed70 Exception <a 'java/lang/NoSuchMethodError'{0x000000008e239f48}: static Lorg/gradle/internal/operations/OperationIdentifier;.<clinit>()V> (0x000000008e239f48) 
thrown [s\src\hotspot\share\prims\jni.cpp, line 1111]

ZGC Phase Switch (0 events):
No events

VM Operations (20 events):
Event: 5.451 Executing VM operation: HandshakeAllThreads (Deoptimize)
Event: 5.451 Executing VM operation: HandshakeAllThreads (Deoptimize) done
Event: 5.557 Executing VM operation: HandshakeAllThreads (Deoptimize)
Event: 5.557 Executing VM operation: HandshakeAllThreads (Deoptimize) done
Event: 5.902 Executing VM operation: HandshakeAllThreads (Deoptimize)
Event: 5.902 Executing VM operation: HandshakeAllThreads (Deoptimize) done
Event: 6.176 Executing VM operation: HandshakeAllThreads (Deoptimize)
Event: 6.176 Executing VM operation: HandshakeAllThreads (Deoptimize) done
Event: 7.189 Executing VM operation: Cleanup
Event: 7.269 Executing VM operation: Cleanup done
Event: 8.274 Executing VM operation: Cleanup
Event: 8.289 Executing VM operation: Cleanup done
Event: 8.622 Executing VM operation: HandshakeAllThreads (Deoptimize)
Event: 8.622 Executing VM operation: HandshakeAllThreads (Deoptimize) done
Event: 9.355 Executing VM operation: HandshakeAllThreads (Deoptimize)
Event: 9.355 Executing VM operation: HandshakeAllThreads (Deoptimize) done
Event: 9.355 Executing VM operation: Cleanup
Event: 9.355 Executing VM operation: Cleanup done
Event: 9.356 Executing VM operation: HandshakeAllThreads (Deoptimize)
Event: 9.356 Executing VM operation: HandshakeAllThreads (Deoptimize) done

Memory protections (0 events):
No events

Nmethod flushes (0 events):
No events

Events (20 events):
Event: 2.970 Thread 0x000002d5d00975a0 Thread exited: 0x000002d5d00975a0
Event: 3.440 Thread 0x000002d5d01f7360 Thread exited: 0x000002d5d01f7360
Event: 4.093 Thread 0x000002d5fab2fda0 Thread added: 0x000002d5d0c32a00
Event: 4.276 Thread 0x000002d5eca5fe10 Thread added: 0x000002d5d0cde780
Event: 4.494 Thread 0x000002d5d0c32a00 Thread exited: 0x000002d5d0c32a00
Event: 5.992 Thread 0x000002d5eca5fe10 Thread added: 0x000002d5d0e79f30
Event: 6.107 Thread 0x000002d5eca5fe10 Thread added: 0x000002d5d0f8eb20
Event: 6.235 Thread 0x000002d5d0e79f30 Thread added: 0x000002d5faed61f0
Event: 6.403 Thread 0x000002d5faed61f0 Thread added: 0x000002d5faeb5310
Event: 6.754 Thread 0x000002d5faed61f0 Thread added: 0x000002d5d03a2e70
Event: 6.765 Thread 0x000002d5faed61f0 Thread added: 0x000002d5d03a34d0
Event: 6.905 Thread 0x000002d5d03a34d0 Thread added: 0x000002d5d0554560
Event: 6.911 Thread 0x000002d5d03a34d0 Thread added: 0x000002d5ff17fa90
Event: 6.920 Thread 0x000002d5d03a34d0 Thread added: 0x000002d5ff17ed70
Event: 8.623 Thread 0x000002d5d03a34d0 Thread added: 0x000002d5ff17f400
Event: 8.635 Thread 0x000002d5d03a34d0 Thread added: 0x000002d5ff180120
Event: 8.739 Thread 0x000002d5d03a34d0 Thread added: 0x000002d5ff1807b0
Event: 8.904 Thread 0x000002d5fab2fda0 Thread added: 0x000002d5d1b43a20
Event: 9.171 Thread 0x000002d5d1b43a20 Thread exited: 0x000002d5d1b43a20
Event: 9.271 Thread 0x000002d5fab2fda0 Thread added: 0x000002d5d28a95a0


Dynamic libraries:
0x00007ff760ae0000 - 0x00007ff760aee000 	C:\Program Files\Eclipse Adoptium\jdk-21.0.8.9-hotspot\bin\java.exe
0x00007ffe7b320000 - 0x00007ffe7b588000 	C:\WINDOWS\SYSTEM32\ntdll.dll
0x00007ffe7b010000 - 0x00007ffe7b0d9000 	C:\WINDOWS\System32\KERNEL32.DLL
0x00007ffe78a10000 - 0x00007ffe78e08000 	C:\WINDOWS\System32\KERNELBASE.dll
0x00007ffe785c0000 - 0x00007ffe7870b000 	C:\WINDOWS\System32\ucrtbase.dll
0x00007ffe636c0000 - 0x00007ffe636d8000 	C:\Program Files\Eclipse Adoptium\jdk-21.0.8.9-hotspot\bin\jli.dll
0x00007ffe7ab80000 - 0x00007ffe7ad47000 	C:\WINDOWS\System32\USER32.dll
0x00007ffe78930000 - 0x00007ffe78957000 	C:\WINDOWS\System32\win32u.dll
0x00007ffe7a130000 - 0x00007ffe7a15b000 	C:\WINDOWS\System32\GDI32.dll
0x00007ffe78f90000 - 0x00007ffe790bc000 	C:\WINDOWS\System32\gdi32full.dll
0x00007ffe78960000 - 0x00007ffe78a03000 	C:\WINDOWS\System32\msvcp_win.dll
0x00007ffe63560000 - 0x00007ffe6357e000 	C:\Program Files\Eclipse Adoptium\jdk-21.0.8.9-hotspot\bin\VCRUNTIME140.dll
0x00007ffe5b540000 - 0x00007ffe5b7d4000 	C:\WINDOWS\WinSxS\amd64_microsoft.windows.common-controls_6595b64144ccf1df_6.0.26100.7019_none_3e06ffa0e335b8a8\COMCTL32.dll
0x00007ffe7ae30000 - 0x00007ffe7aed9000 	C:\WINDOWS\System32\msvcrt.dll
0x00007ffe7aee0000 - 0x00007ffe7af11000 	C:\WINDOWS\System32\IMM32.DLL
0x00007ffe636b0000 - 0x00007ffe636bc000 	C:\Program Files\Eclipse Adoptium\jdk-21.0.8.9-hotspot\bin\vcruntime140_1.dll
0x00007ffe4b890000 - 0x00007ffe4b91d000 	C:\Program Files\Eclipse Adoptium\jdk-21.0.8.9-hotspot\bin\msvcp140.dll
0x00007ffe07590000 - 0x00007ffe08327000 	C:\Program Files\Eclipse Adoptium\jdk-21.0.8.9-hotspot\bin\server\jvm.dll
0x00007ffe79fe0000 - 0x00007ffe7a094000 	C:\WINDOWS\System32\ADVAPI32.dll
0x00007ffe79a00000 - 0x00007ffe79aa6000 	C:\WINDOWS\System32\sechost.dll
0x00007ffe79ab0000 - 0x00007ffe79bc8000 	C:\WINDOWS\System32\RPCRT4.dll
0x00007ffe7a1c0000 - 0x00007ffe7a234000 	C:\WINDOWS\System32\WS2_32.dll
0x00007ffe77090000 - 0x00007ffe770ee000 	C:\WINDOWS\SYSTEM32\POWRPROF.dll
0x00007ffe69980000 - 0x00007ffe699b5000 	C:\WINDOWS\SYSTEM32\WINMM.dll
0x00007ffe6d600000 - 0x00007ffe6d60b000 	C:\WINDOWS\SYSTEM32\VERSION.dll
0x00007ffe77070000 - 0x00007ffe77084000 	C:\WINDOWS\SYSTEM32\UMPDC.dll
0x00007ffe77350000 - 0x00007ffe7736b000 	C:\WINDOWS\SYSTEM32\kernel.appcore.dll
0x00007ffe63310000 - 0x00007ffe6331a000 	C:\Program Files\Eclipse Adoptium\jdk-21.0.8.9-hotspot\bin\jimage.dll
0x00007ffe75600000 - 0x00007ffe75842000 	C:\WINDOWS\SYSTEM32\DBGHELP.DLL
0x00007ffe79c50000 - 0x00007ffe79fdb000 	C:\WINDOWS\System32\combase.dll
0x00007ffe7aaa0000 - 0x00007ffe7ab77000 	C:\WINDOWS\System32\OLEAUT32.dll
0x00007ffe635a0000 - 0x00007ffe635dc000 	C:\WINDOWS\SYSTEM32\dbgcore.DLL
0x00007ffe78710000 - 0x00007ffe787b5000 	C:\WINDOWS\System32\bcryptPrimitives.dll
0x00007ffe63300000 - 0x00007ffe6330f000 	C:\Program Files\Eclipse Adoptium\jdk-21.0.8.9-hotspot\bin\instrument.dll
0x00007ffe61a10000 - 0x00007ffe61a2f000 	C:\Program Files\Eclipse Adoptium\jdk-21.0.8.9-hotspot\bin\java.dll
0x00007ffe79230000 - 0x00007ffe79981000 	C:\WINDOWS\System32\SHELL32.dll
0x00007ffe787c0000 - 0x00007ffe7892b000 	C:\WINDOWS\System32\wintypes.dll
0x00007ffe76090000 - 0x00007ffe768ed000 	C:\WINDOWS\SYSTEM32\windows.storage.dll
0x00007ffe7a9a0000 - 0x00007ffe7aa92000 	C:\WINDOWS\System32\SHCORE.dll
0x00007ffe79990000 - 0x00007ffe799f7000 	C:\WINDOWS\System32\shlwapi.dll
0x00007ffe78390000 - 0x00007ffe783b9000 	C:\WINDOWS\SYSTEM32\profapi.dll
0x00007ffe47810000 - 0x00007ffe478e7000 	C:\Program Files\Eclipse Adoptium\jdk-21.0.8.9-hotspot\bin\jsvml.dll
0x00007ffe5f310000 - 0x00007ffe5f328000 	C:\Program Files\Eclipse Adoptium\jdk-21.0.8.9-hotspot\bin\zip.dll
0x00007ffe61a00000 - 0x00007ffe61a10000 	C:\Program Files\Eclipse Adoptium\jdk-21.0.8.9-hotspot\bin\net.dll
0x00007ffe6f020000 - 0x00007ffe6f148000 	C:\WINDOWS\SYSTEM32\WINHTTP.dll
0x00007ffe778c0000 - 0x00007ffe7792b000 	C:\WINDOWS\system32\mswsock.dll
0x00007ffe5c510000 - 0x00007ffe5c526000 	C:\Program Files\Eclipse Adoptium\jdk-21.0.8.9-hotspot\bin\nio.dll
0x00007ffe5b020000 - 0x00007ffe5b030000 	C:\Program Files\Eclipse Adoptium\jdk-21.0.8.9-hotspot\bin\verify.dll
0x00007ffe71ed0000 - 0x00007ffe71ef7000 	C:\Users\jeffr\.gradle\native\1def1411415f61bf3af743bc5b6707747c0891f09f0c88961ee8f79bc544acac\windows-amd64\native-platform.dll
0x00007ffe4b360000 - 0x00007ffe4b3d8000 	C:\Users\jeffr\.gradle\native\0.2.7\x86_64-windows-gnu\gradle-fileevents.dll
0x00007ffe5b010000 - 0x00007ffe5b01a000 	C:\Program Files\Eclipse Adoptium\jdk-21.0.8.9-hotspot\bin\management.dll
0x00007ffe5b000000 - 0x00007ffe5b00b000 	C:\Program Files\Eclipse Adoptium\jdk-21.0.8.9-hotspot\bin\management_ext.dll
0x00007ffe7b2c0000 - 0x00007ffe7b2c8000 	C:\WINDOWS\System32\PSAPI.DLL
0x00007ffe76e00000 - 0x00007ffe76e34000 	C:\WINDOWS\SYSTEM32\IPHLPAPI.DLL
0x00007ffe7afe0000 - 0x00007ffe7afea000 	C:\WINDOWS\System32\NSI.dll
0x00007ffe4e2d0000 - 0x00007ffe4e2d9000 	C:\Program Files\Eclipse Adoptium\jdk-21.0.8.9-hotspot\bin\extnet.dll
0x00007ffe77b80000 - 0x00007ffe77b9b000 	C:\WINDOWS\SYSTEM32\CRYPTSP.dll
0x00007ffe772b0000 - 0x00007ffe772ea000 	C:\WINDOWS\system32\rsaenh.dll
0x00007ffe77970000 - 0x00007ffe7799b000 	C:\WINDOWS\SYSTEM32\USERENV.dll
0x00007ffe78360000 - 0x00007ffe7838a000 	C:\WINDOWS\SYSTEM32\bcrypt.dll
0x00007ffe77ba0000 - 0x00007ffe77bac000 	C:\WINDOWS\SYSTEM32\CRYPTBASE.dll
0x00007ffe4e2c0000 - 0x00007ffe4e2ce000 	C:\Program Files\Eclipse Adoptium\jdk-21.0.8.9-hotspot\bin\sunmscapi.dll
0x00007ffe78e10000 - 0x00007ffe78f87000 	C:\WINDOWS\System32\CRYPT32.dll
0x00007ffe77da0000 - 0x00007ffe77dd0000 	C:\WINDOWS\SYSTEM32\ncrypt.dll
0x00007ffe77d50000 - 0x00007ffe77d8f000 	C:\WINDOWS\SYSTEM32\NTASN1.dll
0x00007ffe646c0000 - 0x00007ffe646c8000 	C:\WINDOWS\system32\wshunix.dll

JVMTI agents:
C:\Users\jeffr\.gradle\wrapper\dists\gradle-8.14.3-bin\cv11ve7ro1n3o1j4so8xd9n66\gradle-8.14.3\lib\agents\gradle-instrumentation-agent-8.14.3.jar path:C:\Program Files\Eclipse Adoptium\jdk-21.0.8.9-hotspot\bin\instrument.dll, loaded, initialized, instrumentlib options:none

dbghelp: loaded successfully - version: 4.0.5 - missing functions: none
symbol engine: initialized successfully - sym options: 0x614 - pdb path: .;C:\Program Files\Eclipse Adoptium\jdk-21.0.8.9-hotspot\bin;C:\WINDOWS\SYSTEM32;C:\WINDOWS\WinSxS\amd64_microsoft.windows.common-controls_6595b64144ccf1df_6.0.26100.7019_none_3e06ffa0e335b8a8;C:\Program Files\Eclipse Adoptium\jdk-21.0.8.9-hotspot\bin\server;C:\Users\jeffr\.gradle\native\1def1411415f61bf3af743bc5b6707747c0891f09f0c88961ee8f79bc544acac\windows-amd64;C:\Users\jeffr\.gradle\native\0.2.7\x86_64-windows-gnu

VM Arguments:
jvm_args: --add-opens=java.base/java.lang=ALL-UNNAMED --add-opens=java.base/java.lang.invoke=ALL-UNNAMED --add-opens=java.base/java.util=ALL-UNNAMED --add-opens=java.prefs/java.util.prefs=ALL-UNNAMED --add-exports=jdk.compiler/com.sun.tools.javac.api=ALL-UNNAMED --add-exports=jdk.compiler/com.sun.tools.javac.util=ALL-UNNAMED --add-opens=java.base/java.util=ALL-UNNAMED --add-opens=java.prefs/java.util.prefs=ALL-UNNAMED --add-opens=java.base/java.nio.charset=ALL-UNNAMED --add-opens=java.base/java.net=ALL-UNNAMED --add-opens=java.base/java.util.concurrent.atomic=ALL-UNNAMED --add-opens=java.xml/javax.xml.namespace=ALL-UNNAMED -Xmx2048m -Dfile.encoding=UTF-8 -Duser.country=CA -Duser.language=en -Duser.variant -javaagent:C:\Users\jeffr\.gradle\wrapper\dists\gradle-8.14.3-bin\cv11ve7ro1n3o1j4so8xd9n66\gradle-8.14.3\lib\agents\gradle-instrumentation-agent-8.14.3.jar 
java_command: org.gradle.launcher.daemon.bootstrap.GradleDaemon 8.14.3
java_class_path (initial): C:\Users\jeffr\.gradle\wrapper\dists\gradle-8.14.3-bin\cv11ve7ro1n3o1j4so8xd9n66\gradle-8.14.3\lib\gradle-daemon-main-8.14.3.jar
Launcher Type: SUN_STANDARD

[Global flags]
     intx CICompilerCount                          = 4                                         {product} {ergonomic}
     uint ConcGCThreads                            = 3                                         {product} {ergonomic}
     uint G1ConcRefinementThreads                  = 10                                        {product} {ergonomic}
   size_t G1HeapRegionSize                         = 1048576                                   {product} {ergonomic}
    uintx GCDrainStackTargetSize                   = 64                                        {product} {ergonomic}
   size_t InitialHeapSize                          = 264241152                                 {product} {ergonomic}
   size_t MarkStackSize                            = 4194304                                   {product} {ergonomic}
   size_t MaxHeapSize                              = 2147483648                                {product} {command line}
   size_t MaxNewSize                               = 1287651328                                {product} {ergonomic}
   size_t MinHeapDeltaBytes                        = 1048576                                   {product} {ergonomic}
   size_t MinHeapSize                              = 8388608                                   {product} {ergonomic}
    uintx NonNMethodCodeHeapSize                   = 5839372                                {pd product} {ergonomic}
    uintx NonProfiledCodeHeapSize                  = 122909434                              {pd product} {ergonomic}
    uintx ProfiledCodeHeapSize                     = 122909434                              {pd product} {ergonomic}
    uintx ReservedCodeCacheSize                    = 251658240                              {pd product} {ergonomic}
     bool SegmentedCodeCache                       = true                                      {product} {ergonomic}
   size_t SoftMaxHeapSize                          = 2147483648                             {manageable} {ergonomic}
     bool UseCompressedOops                        = true                           {product lp64_product} {ergonomic}
     bool UseG1GC                                  = true                                      {product} {ergonomic}
     bool UseLargePagesIndividualAllocation        = false                                  {pd product} {ergonomic}

Logging:
Log output configuration:
 #0: stdout all=warning uptime,level,tags foldmultilines=false
 #1: stderr all=off uptime,level,tags foldmultilines=false

Environment Variables:
PATH=C:\Program Files (x86)\VMware\VMware Workstation\bin\;C:\Program Files\Eclipse Adoptium\jdk-21.0.8.9-hotspot\bin;C:\Windows\system32;C:\Windows;C:\Windows\System32\Wbem;C:\Windows\System32\WindowsPowerShell\v1.0\;C:\Windows\System32\OpenSSH\;C:\Program Files\NVIDIA Corporation\NVIDIA NvDLISR;C:\Program Files\Microsoft SQL Server\Client SDK\ODBC\110\Tools\Binn\;C:\Program Files (x86)\Microsoft SQL Server\120\Tools\Binn\;C:\Program Files\Microsoft SQL Server\120\Tools\Binn\;C:\Program Files\Microsoft SQL Server\120\DTS\Binn\;C:\Program Files (x86)\Windows Kits\8.1\Windows Performance Toolkit\;C:\Program Files (x86)\Windows Kits\10\Windows Performance Toolkit\;C:\Program Files\dotnet\;C:\Program Files\Git\cmd;C:\Program Files\CMake\bin;C:\Program Files\LLVM\bin;C:\Ninja;C:\Users\jeffr\AppData\Local\Programs\Python\Python38-32\Scripts\;;C:\Program Files\Docker\Docker\resources\bin;C:\Program Files\PuTTY\;C:\WINDOWS\system32;C:\WINDOWS;C:\WINDOWS\System32\Wbem;C:\WINDOWS\System32\WindowsPowerShell\v1.0\;C:\WINDOWS\System32\OpenSSH\;C:\Program Files (x86)\NetSarang\Xmanager 8\;C:\Program Files (x86)\NetSarang\Xshell 8\;C:\Program Files (x86)\NetSarang\Xftp 8\;C:\Program Files (x86)\NetSarang\Xlpd 8\;C:\Program Files\Go\bin;C:\Program Files\nodejs\;C:\Users\jeffr\AppData\Local\Programs\Python\Python311\Scripts\;C:\Users\jeffr\AppData\Local\Programs\Python\Python311\;C:\Users\jeffr\AppData\Local\Programs\Python\Python38-32\Scripts\;C:\Users\jeffr\AppData\Local\Programs\Python\Python38-32\;C:\Users\jeffr\AppData\Local\Programs\Python\Launcher\;C:\Users\jeffr\AppData\Local\Microsoft\WindowsApps;C:\Users\jeffr\.dotnet\tools;C:\Users\jeffr\AppData\Local\GitHubDesktop\bin;C:\Users\jeffr\go\bin;C:\Users\jeffr\AppData\Local\Programs\cursor\resources\app\bin;C:\Users\jeffr\AppData\Roaming\npm;C:\Users\jeffr\AppData\Local\Pandoc\
USERNAME=jeffr
OS=Windows_NT
PROCESSOR_IDENTIFIER=Intel64 Family 6 Model 154 Stepping 3, GenuineIntel
TMP=C:\Users\jeffr\AppData\Local\Temp
TEMP=C:\Users\jeffr\AppData\Local\Temp




Periodic native trim disabled

---------------  S Y S T E M  ---------------

OS:
 Windows 11 , 64 bit Build 26100 (10.0.26100.7019)
OS uptime: 0 days 0:50 hours
Hyper-V role detected

CPU: total 12 (initial active 12) (6 cores per cpu, 2 threads per core) family 6 model 154 stepping 3 microcode 0x424, cx8, cmov, fxsr, ht, mmx, 3dnowpref, sse, sse2, sse3, ssse3, sse4.1, sse4.2, popcnt, lzcnt, tsc, tscinvbit, avx, avx2, aes, erms, clmul, bmi1, bmi2, adx, sha, fma, vzeroupper, clflush, clflushopt, clwb, hv, serialize, rdtscp, rdpid, fsrm, f16c, cet_ibt, cet_ss
Processor Information for the first 12 processors :
  Max Mhz: 2000, Current Mhz: 2000, Mhz Limit: 2000

Memory: 4k page, system-wide physical 16085M (835M free)
TotalPageFile size 22075M (AvailPageFile size 0M)
current process WorkingSet (physical memory assigned to process): 206M, peak: 206M
current process commit charge ("private bytes"): 426M, peak: 427M

vm_info: OpenJDK 64-Bit Server VM (21.0.8+9-LTS) for windows-amd64 JRE (21.0.8+9-LTS), built on 2025-07-15T00:00:00Z by "admin" with MS VC++ 17.7 (VS2022)

END.
