#
# There is insufficient memory for the Java Runtime Environment to continue.
# Native memory allocation (malloc) failed to allocate 1048576 bytes. Error detail: AllocateHeap
# Possible reasons:
#   The system is out of physical RAM or swap space
#   This process is running with CompressedOops enabled, and the Java Heap may be blocking the growth of the native heap
# Possible solutions:
#   Reduce memory load on the system
#   Increase physical memory or swap space
#   Check if swap backing store is full
#   Decrease Java heap size (-Xmx/-Xms)
#   Decrease number of Java threads
#   Decrease Java thread stack sizes (-Xss)
#   Set larger code cache with -XX:ReservedCodeCacheSize=
#   JVM is running with Unscaled Compressed Oops mode in which the Java heap is
#     placed in the first 4GB address space. The Java Heap base address is the
#     maximum limit for the native heap growth. Please use -XX:HeapBaseMinAddress
#     to set the Java Heap base and to place the Java Heap above 4GB virtual address.
# This output file may be truncated or incomplete.
#
#  Out of Memory Error (allocation.cpp:44), pid=75852, tid=39448
#
# JRE version: OpenJDK Runtime Environment Temurin-21.0.8+9 (21.0.8+9) (build 21.0.8+9-LTS)
# Java VM: OpenJDK 64-Bit Server VM Temurin-21.0.8+9 (21.0.8+9-LTS, mixed mode, sharing, tiered, compressed oops, compressed class ptrs, parallel gc, windows-amd64)
# No core dump will be written. Minidumps are not enabled by default on client versions of Windows
#

---------------  S U M M A R Y ------------

Command Line: --add-modules=ALL-SYSTEM --add-opens=java.base/java.util=ALL-UNNAMED --add-opens=java.base/java.lang=ALL-UNNAMED --add-opens=java.base/sun.nio.fs=ALL-UNNAMED -Declipse.application=org.eclipse.jdt.ls.core.id1 -Dosgi.bundles.defaultStartLevel=4 -Declipse.product=org.eclipse.jdt.ls.core.product -Djava.import.generatesMetadataFilesAtProjectRoot=false -DDetectVMInstallationsJob.disabled=true -Dfile.encoding=utf8 -XX:+UseParallelGC -XX:GCTimeRatio=4 -XX:AdaptiveSizePolicyWeight=90 -Dsun.zip.disableMemoryMapping=true -Xmx2G -Xms100m -Xlog:disable -javaagent:c:\Users\marri\.vscode\extensions\redhat.java-1.47.0-win32-x64\lombok\lombok-1.18.39-4050.jar -XX:+HeapDumpOnOutOfMemoryError -XX:HeapDumpPath=c:\Users\marri\AppData\Roaming\Code\User\workspaceStorage\e08e92ff6b7f92060457188006d6da2e\redhat.java -Daether.dependencyCollector.impl=bf c:\Users\marri\.vscode\extensions\redhat.java-1.47.0-win32-x64\server\plugins\org.eclipse.equinox.launcher_1.7.100.v20251014-1222.jar -configuration c:\Users\marri\AppData\Roaming\Code\User\globalStorage\redhat.java\1.47.0\config_win -data c:\Users\marri\AppData\Roaming\Code\User\workspaceStorage\e08e92ff6b7f92060457188006d6da2e\redhat.java\jdt_ws --pipe=\\.\pipe\lsp-f8d17d5737928b16e2775fa3ec321a75-sock

Host: 12th Gen Intel(R) Core(TM) i7-12700H, 20 cores, 15G,  Windows 11 , 64 bit Build 26100 (10.0.26100.6725)
Time: Mon Nov 10 20:36:21 2025 Pacific Standard Time elapsed time: 769.185330 seconds (0d 0h 12m 49s)

---------------  T H R E A D  ---------------

Current thread (0x0000022644c7d560):  JavaThread "Attach Listener" daemon [_thread_in_vm, id=39448, stack(0x000000c04b200000,0x000000c04b300000) (1024K)]

Stack: [0x000000c04b200000,0x000000c04b300000]
Native frames: (J=compiled Java code, j=interpreted, Vv=VM code, C=native code)
V  [jvm.dll+0x6d2449]
V  [jvm.dll+0x8ae341]
V  [jvm.dll+0x8b08be]
V  [jvm.dll+0x8b0fa3]
V  [jvm.dll+0x280c96]
V  [jvm.dll+0xc0347]
V  [jvm.dll+0x6d2cf9]
V  [jvm.dll+0x131116]
V  [jvm.dll+0x3f2d16]
V  [jvm.dll+0x857e6b]
V  [jvm.dll+0x6d0b0d]
C  [ucrtbase.dll+0x37b0]
C  [KERNEL32.DLL+0x2e8d7]
C  [ntdll.dll+0x8c53c]


---------------  P R O C E S S  ---------------

Threads class SMR info:
_java_thread_list=0x0000022687217960, length=47, elements={
0x000002262e1faee0, 0x000002262e2aca10, 0x0000022644c79b10, 0x0000022644c7c560,
0x0000022644c7d560, 0x0000022644c7f010, 0x0000022644c8a700, 0x00000226870c54c0,
0x00000226870ccea0, 0x0000022644c8ad90, 0x0000022644c8a070, 0x0000022644c899e0,
0x0000022644c87910, 0x0000022644c88cc0, 0x0000022644c89350, 0x000002268df2f090,
0x000002268df31160, 0x000002268df2ea00, 0x000002268df2fdb0, 0x000002268df2dce0,
0x000002268df317f0, 0x000002268df30ad0, 0x000002268df31e80, 0x000002268df338c0,
0x000002268df32ba0, 0x000002268df33f50, 0x000002268df345e0, 0x000002268df34c70,
0x000002268df33230, 0x000002268df32510, 0x00000226917ee410, 0x00000226917eeaa0,
0x00000226917eb620, 0x00000226917ec9d0, 0x00000226917ebcb0, 0x00000226917ef7c0,
0x00000226917ef130, 0x00000226917efe50, 0x00000226917ec340, 0x00000226917edd80,
0x00000226917f04e0, 0x00000226917ed060, 0x00000226917f0b70, 0x00000226917ed6f0,
0x00000226917f1200, 0x00000226917f2c40, 0x0000022690680b00
}

Java Threads: ( => current thread )
  0x000002262e1faee0 JavaThread "main"                              [_thread_blocked, id=62128, stack(0x000000c04ab00000,0x000000c04ac00000) (1024K)]
  0x000002262e2aca10 JavaThread "Reference Handler"          daemon [_thread_blocked, id=88784, stack(0x000000c04af00000,0x000000c04b000000) (1024K)]
  0x0000022644c79b10 JavaThread "Finalizer"                  daemon [_thread_blocked, id=25424, stack(0x000000c04b000000,0x000000c04b100000) (1024K)]
  0x0000022644c7c560 JavaThread "Signal Dispatcher"          daemon [_thread_blocked, id=30312, stack(0x000000c04b100000,0x000000c04b200000) (1024K)]
=>0x0000022644c7d560 JavaThread "Attach Listener"            daemon [_thread_in_vm, id=39448, stack(0x000000c04b200000,0x000000c04b300000) (1024K)]
  0x0000022644c7f010 JavaThread "Service Thread"             daemon [_thread_blocked, id=42132, stack(0x000000c04b300000,0x000000c04b400000) (1024K)]
  0x0000022644c8a700 JavaThread "Monitor Deflation Thread"   daemon [_thread_blocked, id=25908, stack(0x000000c04b400000,0x000000c04b500000) (1024K)]
  0x00000226870c54c0 JavaThread "C2 CompilerThread0"         daemon [_thread_blocked, id=55140, stack(0x000000c04b500000,0x000000c04b600000) (1024K)]
  0x00000226870ccea0 JavaThread "C1 CompilerThread0"         daemon [_thread_blocked, id=85868, stack(0x000000c04b600000,0x000000c04b700000) (1024K)]
  0x0000022644c8ad90 JavaThread "Common-Cleaner"             daemon [_thread_blocked, id=47464, stack(0x000000c04b700000,0x000000c04b800000) (1024K)]
  0x0000022644c8a070 JavaThread "Notification Thread"        daemon [_thread_blocked, id=75764, stack(0x000000c04bd00000,0x000000c04be00000) (1024K)]
  0x0000022644c899e0 JavaThread "Active Thread: Equinox Container: 20c43ce6-e634-4c0b-969d-ec0044e184d6"        [_thread_blocked, id=8484, stack(0x000000c04c500000,0x000000c04c600000) (1024K)]
  0x0000022644c87910 JavaThread "Refresh Thread: Equinox Container: 20c43ce6-e634-4c0b-969d-ec0044e184d6" daemon [_thread_blocked, id=28044, stack(0x000000c04c700000,0x000000c04c800000) (1024K)]
  0x0000022644c88cc0 JavaThread "Framework Event Dispatcher: Equinox Container: 20c43ce6-e634-4c0b-969d-ec0044e184d6" daemon [_thread_blocked, id=73616, stack(0x000000c04c800000,0x000000c04c900000) (1024K)]
  0x0000022644c89350 JavaThread "Start Level: Equinox Container: 20c43ce6-e634-4c0b-969d-ec0044e184d6" daemon [_thread_blocked, id=44228, stack(0x000000c04c900000,0x000000c04ca00000) (1024K)]
  0x000002268df2f090 JavaThread "Bundle File Closer"         daemon [_thread_blocked, id=29408, stack(0x000000c04cc00000,0x000000c04cd00000) (1024K)]
  0x000002268df31160 JavaThread "SCR Component Actor"        daemon [_thread_blocked, id=19060, stack(0x000000c04cd00000,0x000000c04ce00000) (1024K)]
  0x000002268df2ea00 JavaThread "Worker-JM"                         [_thread_blocked, id=48820, stack(0x000000c04cf00000,0x000000c04d000000) (1024K)]
  0x000002268df2fdb0 JavaThread "JNA Cleaner"                daemon [_thread_blocked, id=87884, stack(0x000000c04d300000,0x000000c04d400000) (1024K)]
  0x000002268df2dce0 JavaThread "Worker-0"                          [_thread_blocked, id=64692, stack(0x000000c04d400000,0x000000c04d500000) (1024K)]
  0x000002268df317f0 JavaThread "Worker-1"                          [_thread_blocked, id=33664, stack(0x000000c04d500000,0x000000c04d600000) (1024K)]
  0x000002268df30ad0 JavaThread "Java indexing"              daemon [_thread_blocked, id=32424, stack(0x000000c04d700000,0x000000c04d800000) (1024K)]
  0x000002268df31e80 JavaThread "Thread-1"                   daemon [_thread_in_native, id=8160, stack(0x000000c04dd00000,0x000000c04de00000) (1024K)]
  0x000002268df338c0 JavaThread "Thread-2"                   daemon [_thread_in_native, id=77116, stack(0x000000c04de00000,0x000000c04df00000) (1024K)]
  0x000002268df32ba0 JavaThread "Thread-3"                   daemon [_thread_in_native, id=81956, stack(0x000000c04df00000,0x000000c04e000000) (1024K)]
  0x000002268df33f50 JavaThread "Thread-4"                   daemon [_thread_in_native, id=74208, stack(0x000000c04e000000,0x000000c04e100000) (1024K)]
  0x000002268df345e0 JavaThread "Thread-5"                   daemon [_thread_in_native, id=87640, stack(0x000000c04e100000,0x000000c04e200000) (1024K)]
  0x000002268df34c70 JavaThread "Thread-6"                   daemon [_thread_in_native, id=80000, stack(0x000000c04e200000,0x000000c04e300000) (1024K)]
  0x000002268df33230 JavaThread "Thread-7"                   daemon [_thread_in_native, id=43880, stack(0x000000c04e300000,0x000000c04e400000) (1024K)]
  0x000002268df32510 JavaThread "Thread-8"                   daemon [_thread_in_native, id=1944, stack(0x000000c04e400000,0x000000c04e500000) (1024K)]
  0x00000226917ee410 JavaThread "Thread-9"                   daemon [_thread_in_native, id=39960, stack(0x000000c04e500000,0x000000c04e600000) (1024K)]
  0x00000226917eeaa0 JavaThread "Thread-10"                  daemon [_thread_in_native, id=72152, stack(0x000000c04e600000,0x000000c04e700000) (1024K)]
  0x00000226917eb620 JavaThread "Thread-11"                  daemon [_thread_in_native, id=70412, stack(0x000000c04e700000,0x000000c04e800000) (1024K)]
  0x00000226917ec9d0 JavaThread "Thread-12"                  daemon [_thread_in_native, id=82508, stack(0x000000c04e800000,0x000000c04e900000) (1024K)]
  0x00000226917ebcb0 JavaThread "Thread-13"                  daemon [_thread_in_native, id=86448, stack(0x000000c04e900000,0x000000c04ea00000) (1024K)]
  0x00000226917ef7c0 JavaThread "Thread-14"                  daemon [_thread_in_native, id=4916, stack(0x000000c04ea00000,0x000000c04eb00000) (1024K)]
  0x00000226917ef130 JavaThread "Thread-15"                  daemon [_thread_in_native, id=76340, stack(0x000000c04eb00000,0x000000c04ec00000) (1024K)]
  0x00000226917efe50 JavaThread "Thread-16"                  daemon [_thread_in_native, id=50048, stack(0x000000c04ec00000,0x000000c04ed00000) (1024K)]
  0x00000226917ec340 JavaThread "Thread-17"                  daemon [_thread_in_native, id=81164, stack(0x000000c04ed00000,0x000000c04ee00000) (1024K)]
  0x00000226917edd80 JavaThread "Thread-18"                  daemon [_thread_in_native, id=69000, stack(0x000000c04ee00000,0x000000c04ef00000) (1024K)]
  0x00000226917f04e0 JavaThread "Thread-19"                  daemon [_thread_in_native, id=85856, stack(0x000000c04ef00000,0x000000c04f000000) (1024K)]
  0x00000226917ed060 JavaThread "Thread-20"                  daemon [_thread_in_native, id=56552, stack(0x000000c04f000000,0x000000c04f100000) (1024K)]
  0x00000226917f0b70 JavaThread "Thread-21"                  daemon [_thread_in_native, id=27812, stack(0x000000c04f100000,0x000000c04f200000) (1024K)]
  0x00000226917ed6f0 JavaThread "pool-2-thread-1"                   [_thread_blocked, id=10700, stack(0x000000c04f200000,0x000000c04f300000) (1024K)]
  0x00000226917f1200 JavaThread "WorkspaceEventsHandler"            [_thread_blocked, id=33180, stack(0x000000c04f400000,0x000000c04f500000) (1024K)]
  0x00000226917f2c40 JavaThread "pool-1-thread-1"                   [_thread_blocked, id=45224, stack(0x000000c04f500000,0x000000c04f600000) (1024K)]
  0x0000022690680b00 JavaThread "Timer-0"                           [_thread_blocked, id=69216, stack(0x000000c04f300000,0x000000c04f400000) (1024K)]
Total: 47

Other Threads:
  0x00000226870b6ac0 VMThread "VM Thread"                           [id=66524, stack(0x000000c04ae00000,0x000000c04af00000) (1024K)]
  0x0000022644b6ca00 WatcherThread "VM Periodic Task Thread"        [id=66056, stack(0x000000c04ad00000,0x000000c04ae00000) (1024K)]
  0x000002262e2184b0 WorkerThread "GC Thread#0"                     [id=22156, stack(0x000000c04ac00000,0x000000c04ad00000) (1024K)]
  0x000002268d54fb70 WorkerThread "GC Thread#1"                     [id=43060, stack(0x000000c04be00000,0x000000c04bf00000) (1024K)]
  0x000002268d54ff10 WorkerThread "GC Thread#2"                     [id=52580, stack(0x000000c04bf00000,0x000000c04c000000) (1024K)]
  0x000002268d136d00 WorkerThread "GC Thread#3"                     [id=75340, stack(0x000000c04c000000,0x000000c04c100000) (1024K)]
  0x000002268d1370a0 WorkerThread "GC Thread#4"                     [id=84932, stack(0x000000c04c100000,0x000000c04c200000) (1024K)]
  0x000002268d6ac8e0 WorkerThread "GC Thread#5"                     [id=13224, stack(0x000000c04c200000,0x000000c04c300000) (1024K)]
  0x000002268d6acc80 WorkerThread "GC Thread#6"                     [id=12580, stack(0x000000c04c300000,0x000000c04c400000) (1024K)]
  0x000002268d824540 WorkerThread "GC Thread#7"                     [id=93624, stack(0x000000c04c600000,0x000000c04c700000) (1024K)]
  0x000002268d825020 WorkerThread "GC Thread#8"                     [id=70504, stack(0x000000c04c400000,0x000000c04c500000) (1024K)]
  0x000002268d8253c0 WorkerThread "GC Thread#9"                     [id=90008, stack(0x000000c04ca00000,0x000000c04cb00000) (1024K)]
  0x000002268d8248e0 WorkerThread "GC Thread#10"                    [id=92224, stack(0x000000c04cb00000,0x000000c04cc00000) (1024K)]
  0x000002268d824c80 WorkerThread "GC Thread#11"                    [id=12060, stack(0x000000c04ce00000,0x000000c04cf00000) (1024K)]
  0x000002268d825760 WorkerThread "GC Thread#12"                    [id=70844, stack(0x000000c04d100000,0x000000c04d200000) (1024K)]
  0x000002268d825b00 WorkerThread "GC Thread#13"                    [id=56984, stack(0x000000c04d200000,0x000000c04d300000) (1024K)]
  0x000002268edde410 WorkerThread "GC Thread#14"                    [id=70484, stack(0x000000c04d600000,0x000000c04d700000) (1024K)]
Total: 17

Threads with active compile tasks:
Total: 0

VM state: not at safepoint (normal execution)

VM Mutex/Monitor currently owned by a thread: None

Heap address: 0x0000000080000000, size: 2048 MB, Compressed Oops mode: 32-bit

CDS archive(s) mapped at: [0x0000022645000000-0x0000022645ba0000-0x0000022645ba0000), size 12189696, SharedBaseAddress: 0x0000022645000000, ArchiveRelocationMode: 1.
Compressed class space mapped at: 0x0000022646000000-0x0000022686000000, reserved size: 1073741824
Narrow klass base: 0x0000022645000000, Narrow klass shift: 0, Narrow klass range: 0x100000000

GC Precious Log:
 CardTable entry size: 512
 CPUs: 20 total, 20 available
 Memory: 16068M
 Large Page Support: Disabled
 NUMA Support: Disabled
 Compressed Oops: Enabled (32-bit)
 Alignments: Space 512K, Generation 512K, Heap 2M
 Heap Min Capacity: 100M
 Heap Initial Capacity: 100M
 Heap Max Capacity: 2G
 Pre-touch: Disabled
 Parallel Workers: 15

Heap:
 PSYoungGen      total 14336K, used 9296K [0x00000000d5580000, 0x00000000d6580000, 0x0000000100000000)
  eden space 12800K, 62% used [0x00000000d5580000,0x00000000d5d443c0,0x00000000d6200000)
  from space 1536K, 87% used [0x00000000d6280000,0x00000000d63d0000,0x00000000d6400000)
  to   space 1536K, 0% used [0x00000000d6400000,0x00000000d6400000,0x00000000d6580000)
 ParOldGen       total 68608K, used 58309K [0x0000000080000000, 0x0000000084300000, 0x00000000d5580000)
  object space 68608K, 84% used [0x0000000080000000,0x00000000838f1590,0x0000000084300000)
 Metaspace       used 57686K, committed 59008K, reserved 1114112K
  class space    used 6758K, committed 7296K, reserved 1048576K

Card table byte_map: [0x000002262db90000,0x000002262dfa0000] _byte_map_base: 0x000002262d790000

Marking Bits: (ParMarkBitMap*) 0x00007ffb7f35a340
 Begin Bits: [0x0000022640690000, 0x0000022642690000)
 End Bits:   [0x0000022642690000, 0x0000022644690000)

Polling page: 0x000002262bd10000

Metaspace:

Usage:
  Non-class:     49.73 MB used.
      Class:      6.60 MB used.
       Both:     56.33 MB used.

Virtual space:
  Non-class space:       64.00 MB reserved,      50.50 MB ( 79%) committed,  1 nodes.
      Class space:        1.00 GB reserved,       7.12 MB ( <1%) committed,  1 nodes.
             Both:        1.06 GB reserved,      57.62 MB (  5%) committed. 

Chunk freelists:
   Non-Class:  13.53 MB
       Class:  8.89 MB
        Both:  22.42 MB

MaxMetaspaceSize: unlimited
CompressedClassSpaceSize: 1.00 GB
Initial GC threshold: 21.00 MB
Current GC threshold: 58.38 MB
CDS: on
 - commit_granule_bytes: 65536.
 - commit_granule_words: 8192.
 - virtual_space_node_default_size: 8388608.
 - enlarge_chunks_in_place: 1.
 - use_allocation_guard: 0.


Internal statistics:

num_allocs_failed_limit: 8.
num_arena_births: 1014.
num_arena_deaths: 14.
num_vsnodes_births: 2.
num_vsnodes_deaths: 0.
num_space_committed: 922.
num_space_uncommitted: 0.
num_chunks_returned_to_freelist: 22.
num_chunks_taken_from_freelist: 3510.
num_chunk_merges: 13.
num_chunk_splits: 2278.
num_chunks_enlarged: 1451.
num_inconsistent_stats: 0.

CodeHeap 'non-profiled nmethods': size=119168Kb used=5349Kb max_used=5349Kb free=113818Kb
 bounds [0x0000022638f80000, 0x00000226394c0000, 0x00000226403e0000]
CodeHeap 'profiled nmethods': size=119104Kb used=15994Kb max_used=15994Kb free=103110Kb
 bounds [0x00000226313e0000, 0x0000022632380000, 0x0000022638830000]
CodeHeap 'non-nmethods': size=7488Kb used=1386Kb max_used=3154Kb free=6101Kb
 bounds [0x0000022638830000, 0x0000022638b50000, 0x0000022638f80000]
CodeCache: size=245760Kb, used=22729Kb, max_used=24497Kb, free=223029Kb
 total_blobs=8324, nmethods=7634, adapters=596, full_count=0
Compilation: enabled, stopped_count=0, restarted_count=0

Compilation events (20 events):
Event: 302.775 Thread 0x00000226870ccea0 nmethod 8192 0x000002263237d610 code [0x000002263237d7e0, 0x000002263237daa8]
Event: 302.786 Thread 0x00000226870c54c0 nmethod 8188 0x00000226394afd10 code [0x00000226394aff20, 0x00000226394b0700]
Event: 302.786 Thread 0x00000226870c54c0 8193       4       org.eclipse.core.internal.dtree.AbstractDataTreeNode::storeStrings (42 bytes)
Event: 302.786 Thread 0x00000226870cc7d0 8194       4       org.eclipse.core.internal.utils.StringPool::add (50 bytes)
Event: 302.811 Thread 0x00000226870cc7d0 nmethod 8194 0x00000226394b0c90 code [0x00000226394b0ec0, 0x00000226394b1750]
Event: 302.812 Thread 0x00000226870cc7d0 8195       4       org.eclipse.core.internal.dtree.DataTreeNode::storeStrings (28 bytes)
Event: 302.842 Thread 0x00000226870c54c0 nmethod 8193 0x00000226394b1f10 code [0x00000226394b22e0, 0x00000226394b3c50]
Event: 302.843 Thread 0x00000226870c54c0 8196       4       org.eclipse.core.internal.resources.ResourceInfo::shareStrings (43 bytes)
Event: 302.844 Thread 0x00000226870c54c0 nmethod 8196 0x00000226394b5210 code [0x00000226394b53c0, 0x00000226394b54e0]
Event: 302.856 Thread 0x00000226870cc7d0 nmethod 8195 0x00000226394b5610 code [0x00000226394b59e0, 0x00000226394b7330]
Event: 325.735 Thread 0x00000226870c54c0 8197       4       java.util.TaskQueue::getMin (7 bytes)
Event: 325.736 Thread 0x00000226870c54c0 nmethod 8197 0x00000226394b8990 code [0x00000226394b8b20, 0x00000226394b8be8]
Event: 368.344 Thread 0x00000226870ccea0 8198   !   3       java.util.concurrent.locks.LockSupport::parkNanos (56 bytes)
Event: 368.345 Thread 0x00000226870ccea0 nmethod 8198 0x000002263237dc10 code [0x000002263237de20, 0x000002263237e260]
Event: 474.139 Thread 0x00000226870ccea0 8199       3       java.util.concurrent.ScheduledThreadPoolExecutor$ScheduledFutureTask::getDelay (16 bytes)
Event: 474.140 Thread 0x00000226870ccea0 nmethod 8199 0x000002263237e410 code [0x000002263237e5c0, 0x000002263237e758]
Event: 494.148 Thread 0x00000226870c54c0 8200       4       java.lang.Thread::interrupted (7 bytes)
Event: 494.149 Thread 0x00000226870c54c0 nmethod 8200 0x00000226394b8c90 code [0x00000226394b8e20, 0x00000226394b8ed8]
Event: 677.728 Thread 0x00000226870c54c0 8202       4       java.util.TaskQueue::isEmpty (13 bytes)
Event: 677.728 Thread 0x00000226870c54c0 nmethod 8202 0x00000226394b9390 code [0x00000226394b9520, 0x00000226394b95c8]

GC Heap History (20 events):
Event: 8.214 GC heap before
{Heap before GC invocations=36 (full 2):
 PSYoungGen      total 14336K, used 14208K [0x00000000d5580000, 0x00000000d6700000, 0x0000000100000000)
  eden space 12800K, 100% used [0x00000000d5580000,0x00000000d6200000,0x00000000d6200000)
  from space 1536K, 91% used [0x00000000d6200000,0x00000000d6360030,0x00000000d6380000)
  to   space 2560K, 0% used [0x00000000d6480000,0x00000000d6480000,0x00000000d6700000)
 ParOldGen       total 68608K, used 45931K [0x0000000080000000, 0x0000000084300000, 0x00000000d5580000)
  object space 68608K, 66% used [0x0000000080000000,0x0000000082cdafb0,0x0000000084300000)
 Metaspace       used 56535K, committed 57920K, reserved 1114112K
  class space    used 6644K, committed 7232K, reserved 1048576K
}
Event: 8.215 GC heap after
{Heap after GC invocations=36 (full 2):
 PSYoungGen      total 14336K, used 1376K [0x00000000d5580000, 0x00000000d6600000, 0x0000000100000000)
  eden space 12800K, 0% used [0x00000000d5580000,0x00000000d5580000,0x00000000d6200000)
  from space 1536K, 89% used [0x00000000d6480000,0x00000000d65d8010,0x00000000d6600000)
  to   space 1536K, 0% used [0x00000000d6200000,0x00000000d6200000,0x00000000d6380000)
 ParOldGen       total 68608K, used 47123K [0x0000000080000000, 0x0000000084300000, 0x00000000d5580000)
  object space 68608K, 68% used [0x0000000080000000,0x0000000082e04fe0,0x0000000084300000)
 Metaspace       used 56535K, committed 57920K, reserved 1114112K
  class space    used 6644K, committed 7232K, reserved 1048576K
}
Event: 8.302 GC heap before
{Heap before GC invocations=37 (full 2):
 PSYoungGen      total 14336K, used 14176K [0x00000000d5580000, 0x00000000d6600000, 0x0000000100000000)
  eden space 12800K, 100% used [0x00000000d5580000,0x00000000d6200000,0x00000000d6200000)
  from space 1536K, 89% used [0x00000000d6480000,0x00000000d65d8010,0x00000000d6600000)
  to   space 1536K, 0% used [0x00000000d6200000,0x00000000d6200000,0x00000000d6380000)
 ParOldGen       total 68608K, used 47123K [0x0000000080000000, 0x0000000084300000, 0x00000000d5580000)
  object space 68608K, 68% used [0x0000000080000000,0x0000000082e04fe0,0x0000000084300000)
 Metaspace       used 56930K, committed 58240K, reserved 1114112K
  class space    used 6702K, committed 7232K, reserved 1048576K
}
Event: 8.304 GC heap after
{Heap after GC invocations=37 (full 2):
 PSYoungGen      total 14336K, used 1506K [0x00000000d5580000, 0x00000000d6800000, 0x0000000100000000)
  eden space 12800K, 0% used [0x00000000d5580000,0x00000000d5580000,0x00000000d6200000)
  from space 1536K, 98% used [0x00000000d6200000,0x00000000d6378810,0x00000000d6380000)
  to   space 3072K, 0% used [0x00000000d6500000,0x00000000d6500000,0x00000000d6800000)
 ParOldGen       total 68608K, used 48347K [0x0000000080000000, 0x0000000084300000, 0x00000000d5580000)
  object space 68608K, 70% used [0x0000000080000000,0x0000000082f36ff0,0x0000000084300000)
 Metaspace       used 56930K, committed 58240K, reserved 1114112K
  class space    used 6702K, committed 7232K, reserved 1048576K
}
Event: 8.317 GC heap before
{Heap before GC invocations=38 (full 2):
 PSYoungGen      total 14336K, used 14306K [0x00000000d5580000, 0x00000000d6800000, 0x0000000100000000)
  eden space 12800K, 100% used [0x00000000d5580000,0x00000000d6200000,0x00000000d6200000)
  from space 1536K, 98% used [0x00000000d6200000,0x00000000d6378810,0x00000000d6380000)
  to   space 3072K, 0% used [0x00000000d6500000,0x00000000d6500000,0x00000000d6800000)
 ParOldGen       total 68608K, used 48347K [0x0000000080000000, 0x0000000084300000, 0x00000000d5580000)
  object space 68608K, 70% used [0x0000000080000000,0x0000000082f36ff0,0x0000000084300000)
 Metaspace       used 56935K, committed 58240K, reserved 1114112K
  class space    used 6702K, committed 7232K, reserved 1048576K
}
Event: 8.319 GC heap after
{Heap after GC invocations=38 (full 2):
 PSYoungGen      total 14336K, used 1408K [0x00000000d5580000, 0x00000000d6680000, 0x0000000100000000)
  eden space 12800K, 0% used [0x00000000d5580000,0x00000000d5580000,0x00000000d6200000)
  from space 1536K, 91% used [0x00000000d6500000,0x00000000d6660010,0x00000000d6680000)
  to   space 2048K, 0% used [0x00000000d6280000,0x00000000d6280000,0x00000000d6480000)
 ParOldGen       total 68608K, used 49786K [0x0000000080000000, 0x0000000084300000, 0x00000000d5580000)
  object space 68608K, 72% used [0x0000000080000000,0x000000008309e928,0x0000000084300000)
 Metaspace       used 56935K, committed 58240K, reserved 1114112K
  class space    used 6702K, committed 7232K, reserved 1048576K
}
Event: 8.337 GC heap before
{Heap before GC invocations=39 (full 2):
 PSYoungGen      total 14336K, used 14208K [0x00000000d5580000, 0x00000000d6680000, 0x0000000100000000)
  eden space 12800K, 100% used [0x00000000d5580000,0x00000000d6200000,0x00000000d6200000)
  from space 1536K, 91% used [0x00000000d6500000,0x00000000d6660010,0x00000000d6680000)
  to   space 2048K, 0% used [0x00000000d6280000,0x00000000d6280000,0x00000000d6480000)
 ParOldGen       total 68608K, used 49786K [0x0000000080000000, 0x0000000084300000, 0x00000000d5580000)
  object space 68608K, 72% used [0x0000000080000000,0x000000008309e928,0x0000000084300000)
 Metaspace       used 56943K, committed 58240K, reserved 1114112K
  class space    used 6702K, committed 7232K, reserved 1048576K
}
Event: 8.338 GC heap after
{Heap after GC invocations=39 (full 2):
 PSYoungGen      total 14336K, used 1536K [0x00000000d5580000, 0x00000000d6600000, 0x0000000100000000)
  eden space 12800K, 0% used [0x00000000d5580000,0x00000000d5580000,0x00000000d6200000)
  from space 1536K, 100% used [0x00000000d6280000,0x00000000d6400000,0x00000000d6400000)
  to   space 2048K, 0% used [0x00000000d6400000,0x00000000d6400000,0x00000000d6600000)
 ParOldGen       total 68608K, used 51050K [0x0000000080000000, 0x0000000084300000, 0x00000000d5580000)
  object space 68608K, 74% used [0x0000000080000000,0x00000000831da938,0x0000000084300000)
 Metaspace       used 56943K, committed 58240K, reserved 1114112K
  class space    used 6702K, committed 7232K, reserved 1048576K
}
Event: 8.352 GC heap before
{Heap before GC invocations=40 (full 2):
 PSYoungGen      total 14336K, used 14336K [0x00000000d5580000, 0x00000000d6600000, 0x0000000100000000)
  eden space 12800K, 100% used [0x00000000d5580000,0x00000000d6200000,0x00000000d6200000)
  from space 1536K, 100% used [0x00000000d6280000,0x00000000d6400000,0x00000000d6400000)
  to   space 2048K, 0% used [0x00000000d6400000,0x00000000d6400000,0x00000000d6600000)
 ParOldGen       total 68608K, used 51050K [0x0000000080000000, 0x0000000084300000, 0x00000000d5580000)
  object space 68608K, 74% used [0x0000000080000000,0x00000000831da938,0x0000000084300000)
 Metaspace       used 56944K, committed 58240K, reserved 1114112K
  class space    used 6702K, committed 7232K, reserved 1048576K
}
Event: 8.354 GC heap after
{Heap after GC invocations=40 (full 2):
 PSYoungGen      total 14336K, used 1216K [0x00000000d5580000, 0x00000000d6580000, 0x0000000100000000)
  eden space 12800K, 0% used [0x00000000d5580000,0x00000000d5580000,0x00000000d6200000)
  from space 1536K, 79% used [0x00000000d6400000,0x00000000d6530000,0x00000000d6580000)
  to   space 1536K, 0% used [0x00000000d6280000,0x00000000d6280000,0x00000000d6400000)
 ParOldGen       total 68608K, used 52406K [0x0000000080000000, 0x0000000084300000, 0x00000000d5580000)
  object space 68608K, 76% used [0x0000000080000000,0x000000008332db68,0x0000000084300000)
 Metaspace       used 56944K, committed 58240K, reserved 1114112K
  class space    used 6702K, committed 7232K, reserved 1048576K
}
Event: 8.371 GC heap before
{Heap before GC invocations=41 (full 2):
 PSYoungGen      total 14336K, used 14016K [0x00000000d5580000, 0x00000000d6580000, 0x0000000100000000)
  eden space 12800K, 100% used [0x00000000d5580000,0x00000000d6200000,0x00000000d6200000)
  from space 1536K, 79% used [0x00000000d6400000,0x00000000d6530000,0x00000000d6580000)
  to   space 1536K, 0% used [0x00000000d6280000,0x00000000d6280000,0x00000000d6400000)
 ParOldGen       total 68608K, used 52406K [0x0000000080000000, 0x0000000084300000, 0x00000000d5580000)
  object space 68608K, 76% used [0x0000000080000000,0x000000008332db68,0x0000000084300000)
 Metaspace       used 56951K, committed 58240K, reserved 1114112K
  class space    used 6702K, committed 7232K, reserved 1048576K
}
Event: 8.373 GC heap after
{Heap after GC invocations=41 (full 2):
 PSYoungGen      total 14336K, used 1508K [0x00000000d5580000, 0x00000000d6600000, 0x0000000100000000)
  eden space 12800K, 0% used [0x00000000d5580000,0x00000000d5580000,0x00000000d6200000)
  from space 1536K, 98% used [0x00000000d6280000,0x00000000d63f9000,0x00000000d6400000)
  to   space 2048K, 0% used [0x00000000d6400000,0x00000000d6400000,0x00000000d6600000)
 ParOldGen       total 68608K, used 53350K [0x0000000080000000, 0x0000000084300000, 0x00000000d5580000)
  object space 68608K, 77% used [0x0000000080000000,0x0000000083419b68,0x0000000084300000)
 Metaspace       used 56951K, committed 58240K, reserved 1114112K
  class space    used 6702K, committed 7232K, reserved 1048576K
}
Event: 8.392 GC heap before
{Heap before GC invocations=42 (full 2):
 PSYoungGen      total 14336K, used 14308K [0x00000000d5580000, 0x00000000d6600000, 0x0000000100000000)
  eden space 12800K, 100% used [0x00000000d5580000,0x00000000d6200000,0x00000000d6200000)
  from space 1536K, 98% used [0x00000000d6280000,0x00000000d63f9000,0x00000000d6400000)
  to   space 2048K, 0% used [0x00000000d6400000,0x00000000d6400000,0x00000000d6600000)
 ParOldGen       total 68608K, used 53350K [0x0000000080000000, 0x0000000084300000, 0x00000000d5580000)
  object space 68608K, 77% used [0x0000000080000000,0x0000000083419b68,0x0000000084300000)
 Metaspace       used 56970K, committed 58304K, reserved 1114112K
  class space    used 6705K, committed 7296K, reserved 1048576K
}
Event: 8.394 GC heap after
{Heap after GC invocations=42 (full 2):
 PSYoungGen      total 14336K, used 1344K [0x00000000d5580000, 0x00000000d6580000, 0x0000000100000000)
  eden space 12800K, 0% used [0x00000000d5580000,0x00000000d5580000,0x00000000d6200000)
  from space 1536K, 87% used [0x00000000d6400000,0x00000000d6550000,0x00000000d6580000)
  to   space 1536K, 0% used [0x00000000d6280000,0x00000000d6280000,0x00000000d6400000)
 ParOldGen       total 68608K, used 54676K [0x0000000080000000, 0x0000000084300000, 0x00000000d5580000)
  object space 68608K, 79% used [0x0000000080000000,0x0000000083565380,0x0000000084300000)
 Metaspace       used 56970K, committed 58304K, reserved 1114112K
  class space    used 6705K, committed 7296K, reserved 1048576K
}
Event: 8.419 GC heap before
{Heap before GC invocations=43 (full 2):
 PSYoungGen      total 14336K, used 14144K [0x00000000d5580000, 0x00000000d6580000, 0x0000000100000000)
  eden space 12800K, 100% used [0x00000000d5580000,0x00000000d6200000,0x00000000d6200000)
  from space 1536K, 87% used [0x00000000d6400000,0x00000000d6550000,0x00000000d6580000)
  to   space 1536K, 0% used [0x00000000d6280000,0x00000000d6280000,0x00000000d6400000)
 ParOldGen       total 68608K, used 54676K [0x0000000080000000, 0x0000000084300000, 0x00000000d5580000)
  object space 68608K, 79% used [0x0000000080000000,0x0000000083565380,0x0000000084300000)
 Metaspace       used 56994K, committed 58304K, reserved 1114112K
  class space    used 6705K, committed 7296K, reserved 1048576K
}
Event: 8.420 GC heap after
{Heap after GC invocations=43 (full 2):
 PSYoungGen      total 14336K, used 1504K [0x00000000d5580000, 0x00000000d6800000, 0x0000000100000000)
  eden space 12800K, 0% used [0x00000000d5580000,0x00000000d5580000,0x00000000d6200000)
  from space 1536K, 97% used [0x00000000d6280000,0x00000000d63f8010,0x00000000d6400000)
  to   space 3072K, 0% used [0x00000000d6500000,0x00000000d6500000,0x00000000d6800000)
 ParOldGen       total 68608K, used 55844K [0x0000000080000000, 0x0000000084300000, 0x00000000d5580000)
  object space 68608K, 81% used [0x0000000080000000,0x0000000083689380,0x0000000084300000)
 Metaspace       used 56994K, committed 58304K, reserved 1114112K
  class space    used 6705K, committed 7296K, reserved 1048576K
}
Event: 8.438 GC heap before
{Heap before GC invocations=44 (full 2):
 PSYoungGen      total 14336K, used 14304K [0x00000000d5580000, 0x00000000d6800000, 0x0000000100000000)
  eden space 12800K, 100% used [0x00000000d5580000,0x00000000d6200000,0x00000000d6200000)
  from space 1536K, 97% used [0x00000000d6280000,0x00000000d63f8010,0x00000000d6400000)
  to   space 3072K, 0% used [0x00000000d6500000,0x00000000d6500000,0x00000000d6800000)
 ParOldGen       total 68608K, used 55844K [0x0000000080000000, 0x0000000084300000, 0x00000000d5580000)
  object space 68608K, 81% used [0x0000000080000000,0x0000000083689380,0x0000000084300000)
 Metaspace       used 57008K, committed 58368K, reserved 1114112K
  class space    used 6705K, committed 7296K, reserved 1048576K
}
Event: 8.440 GC heap after
{Heap after GC invocations=44 (full 2):
 PSYoungGen      total 14336K, used 1312K [0x00000000d5580000, 0x00000000d6680000, 0x0000000100000000)
  eden space 12800K, 0% used [0x00000000d5580000,0x00000000d5580000,0x00000000d6200000)
  from space 1536K, 85% used [0x00000000d6500000,0x00000000d6648000,0x00000000d6680000)
  to   space 2048K, 0% used [0x00000000d6280000,0x00000000d6280000,0x00000000d6480000)
 ParOldGen       total 68608K, used 57148K [0x0000000080000000, 0x0000000084300000, 0x00000000d5580000)
  object space 68608K, 83% used [0x0000000080000000,0x00000000837cf390,0x0000000084300000)
 Metaspace       used 57008K, committed 58368K, reserved 1114112K
  class space    used 6705K, committed 7296K, reserved 1048576K
}
Event: 8.466 GC heap before
{Heap before GC invocations=45 (full 2):
 PSYoungGen      total 14336K, used 14112K [0x00000000d5580000, 0x00000000d6680000, 0x0000000100000000)
  eden space 12800K, 100% used [0x00000000d5580000,0x00000000d6200000,0x00000000d6200000)
  from space 1536K, 85% used [0x00000000d6500000,0x00000000d6648000,0x00000000d6680000)
  to   space 2048K, 0% used [0x00000000d6280000,0x00000000d6280000,0x00000000d6480000)
 ParOldGen       total 68608K, used 57148K [0x0000000080000000, 0x0000000084300000, 0x00000000d5580000)
  object space 68608K, 83% used [0x0000000080000000,0x00000000837cf390,0x0000000084300000)
 Metaspace       used 57078K, committed 58432K, reserved 1114112K
  class space    used 6707K, committed 7296K, reserved 1048576K
}
Event: 8.467 GC heap after
{Heap after GC invocations=45 (full 2):
 PSYoungGen      total 14336K, used 1344K [0x00000000d5580000, 0x00000000d6580000, 0x0000000100000000)
  eden space 12800K, 0% used [0x00000000d5580000,0x00000000d5580000,0x00000000d6200000)
  from space 1536K, 87% used [0x00000000d6280000,0x00000000d63d0000,0x00000000d6400000)
  to   space 1536K, 0% used [0x00000000d6400000,0x00000000d6400000,0x00000000d6580000)
 ParOldGen       total 68608K, used 58309K [0x0000000080000000, 0x0000000084300000, 0x00000000d5580000)
  object space 68608K, 84% used [0x0000000080000000,0x00000000838f1590,0x0000000084300000)
 Metaspace       used 57078K, committed 58432K, reserved 1114112K
  class space    used 6707K, committed 7296K, reserved 1048576K
}

Dll operation events (13 events):
Event: 0.011 Loaded shared library c:\Users\marri\.vscode\extensions\redhat.java-1.47.0-win32-x64\jre\21.0.8-win32-x86_64\bin\java.dll
Event: 0.034 Loaded shared library c:\Users\marri\.vscode\extensions\redhat.java-1.47.0-win32-x64\jre\21.0.8-win32-x86_64\bin\zip.dll
Event: 0.085 Loaded shared library C:\Users\marri\.vscode\extensions\redhat.java-1.47.0-win32-x64\jre\21.0.8-win32-x86_64\bin\instrument.dll
Event: 0.089 Loaded shared library C:\Users\marri\.vscode\extensions\redhat.java-1.47.0-win32-x64\jre\21.0.8-win32-x86_64\bin\net.dll
Event: 0.092 Loaded shared library C:\Users\marri\.vscode\extensions\redhat.java-1.47.0-win32-x64\jre\21.0.8-win32-x86_64\bin\nio.dll
Event: 0.096 Loaded shared library C:\Users\marri\.vscode\extensions\redhat.java-1.47.0-win32-x64\jre\21.0.8-win32-x86_64\bin\zip.dll
Event: 0.112 Loaded shared library C:\Users\marri\.vscode\extensions\redhat.java-1.47.0-win32-x64\jre\21.0.8-win32-x86_64\bin\jimage.dll
Event: 0.190 Loaded shared library c:\Users\marri\.vscode\extensions\redhat.java-1.47.0-win32-x64\jre\21.0.8-win32-x86_64\bin\verify.dll
Event: 1.339 Loaded shared library C:\Users\marri\AppData\Roaming\Code\User\globalStorage\redhat.java\1.47.0\config_win\org.eclipse.equinox.launcher\org.eclipse.equinox.launcher.win32.win32.x86_64_1.2.1400.v20250801-0854\eclipse_11916.dll
Event: 2.650 Loaded shared library C:\Users\marri\AppData\Local\Temp\jna-103666709\jna4629756934473067114.dll
Event: 6.555 Loaded shared library C:\Users\marri\.gradle\native\1def1411415f61bf3af743bc5b6707747c0891f09f0c88961ee8f79bc544acac\windows-amd64\native-platform.dll
Event: 7.436 Loaded shared library C:\Users\marri\.vscode\extensions\redhat.java-1.47.0-win32-x64\jre\21.0.8-win32-x86_64\bin\management.dll
Event: 7.438 Loaded shared library C:\Users\marri\.vscode\extensions\redhat.java-1.47.0-win32-x64\jre\21.0.8-win32-x86_64\bin\management_ext.dll

Deoptimization events (20 events):
Event: 31.127 Thread 0x0000022644c899e0 Uncommon trap: trap_request=0xffffff45 fr.pc=0x000002263940b8c8 relative=0x0000000000000628
Event: 31.127 Thread 0x0000022644c899e0 Uncommon trap: reason=unstable_if action=reinterpret pc=0x000002263940b8c8 method=java.util.HashMap.putVal(ILjava/lang/Object;Ljava/lang/Object;ZZ)Ljava/lang/Object; @ 94 c2
Event: 31.127 Thread 0x0000022644c899e0 DEOPT PACKING pc=0x000002263940b8c8 sp=0x000000c04c5fece0
Event: 31.127 Thread 0x0000022644c899e0 DEOPT UNPACKING pc=0x0000022638883aa2 sp=0x000000c04c5fec58 mode 2
Event: 31.128 Thread 0x0000022644c899e0 Uncommon trap: trap_request=0xffffff45 fr.pc=0x00000226393e8df0 relative=0x0000000000000570
Event: 31.129 Thread 0x0000022644c899e0 Uncommon trap: reason=unstable_if action=reinterpret pc=0x00000226393e8df0 method=java.util.HashMap.removeNode(ILjava/lang/Object;Ljava/lang/Object;ZZ)Ljava/util/HashMap$Node; @ 62 c2
Event: 31.129 Thread 0x0000022644c899e0 DEOPT PACKING pc=0x00000226393e8df0 sp=0x000000c04c5feeb0
Event: 31.129 Thread 0x0000022644c899e0 DEOPT UNPACKING pc=0x0000022638883aa2 sp=0x000000c04c5fedb0 mode 2
Event: 31.137 Thread 0x0000022644c899e0 Uncommon trap: trap_request=0xffffff45 fr.pc=0x000002263901e8a8 relative=0x0000000000000148
Event: 31.137 Thread 0x0000022644c899e0 Uncommon trap: reason=unstable_if action=reinterpret pc=0x000002263901e8a8 method=java.util.HashMap.getNode(Ljava/lang/Object;)Ljava/util/HashMap$Node; @ 66 c2
Event: 31.137 Thread 0x0000022644c899e0 DEOPT PACKING pc=0x000002263901e8a8 sp=0x000000c04c5feea0
Event: 31.137 Thread 0x0000022644c899e0 DEOPT UNPACKING pc=0x0000022638883aa2 sp=0x000000c04c5fedb0 mode 2
Event: 31.137 Thread 0x0000022644c899e0 Uncommon trap: trap_request=0xffffff45 fr.pc=0x000002263901e0a8 relative=0x0000000000000148
Event: 31.137 Thread 0x0000022644c899e0 Uncommon trap: reason=unstable_if action=reinterpret pc=0x000002263901e0a8 method=java.util.HashMap.getNode(Ljava/lang/Object;)Ljava/util/HashMap$Node; @ 66 c2
Event: 31.137 Thread 0x0000022644c899e0 DEOPT PACKING pc=0x000002263901e0a8 sp=0x000000c04c5fedc0
Event: 31.137 Thread 0x0000022644c899e0 DEOPT UNPACKING pc=0x0000022638883aa2 sp=0x000000c04c5fed40 mode 2
Event: 31.174 Thread 0x0000022644c899e0 Uncommon trap: trap_request=0xffffff45 fr.pc=0x00000226393c8088 relative=0x0000000000000248
Event: 31.174 Thread 0x0000022644c899e0 Uncommon trap: reason=unstable_if action=reinterpret pc=0x00000226393c8088 method=java.util.regex.Pattern.atom()Ljava/util/regex/Pattern$Node; @ 14 c2
Event: 31.174 Thread 0x0000022644c899e0 DEOPT PACKING pc=0x00000226393c8088 sp=0x000000c04c5fdff0
Event: 31.174 Thread 0x0000022644c899e0 DEOPT UNPACKING pc=0x0000022638883aa2 sp=0x000000c04c5fdf88 mode 2

Classes loaded (20 events):
Event: 31.169 Loading class sun/util/locale/provider/TimeZoneNameUtility
Event: 31.170 Loading class sun/util/locale/provider/TimeZoneNameUtility done
Event: 31.170 Loading class sun/util/locale/provider/TimeZoneNameUtility$TimeZoneNameGetter
Event: 31.171 Loading class sun/util/locale/provider/TimeZoneNameUtility$TimeZoneNameGetter done
Event: 31.172 Loading class sun/util/cldr/CLDRTimeZoneNameProviderImpl
Event: 31.173 Loading class sun/util/locale/provider/TimeZoneNameProviderImpl
Event: 31.173 Loading class sun/util/locale/provider/TimeZoneNameProviderImpl done
Event: 31.173 Loading class sun/util/cldr/CLDRTimeZoneNameProviderImpl done
Event: 31.176 Loading class sun/util/locale/provider/BaseLocaleDataMetaInfo
Event: 31.176 Loading class sun/util/locale/provider/BaseLocaleDataMetaInfo done
Event: 31.180 Loading class sun/util/resources/cldr/TimeZoneNames
Event: 31.181 Loading class sun/util/resources/TimeZoneNamesBundle
Event: 31.181 Loading class sun/util/resources/OpenListResourceBundle
Event: 31.181 Loading class sun/util/resources/OpenListResourceBundle done
Event: 31.181 Loading class sun/util/resources/TimeZoneNamesBundle done
Event: 31.181 Loading class sun/util/resources/cldr/TimeZoneNames done
Event: 31.182 Loading class sun/util/resources/cldr/TimeZoneNames_en
Event: 31.183 Loading class sun/util/resources/cldr/TimeZoneNames_en done
Event: 31.184 Loading class sun/util/resources/cldr/TimeZoneNames_en_US
Event: 31.184 Loading class sun/util/resources/cldr/TimeZoneNames_en_US done

Classes unloaded (7 events):
Event: 3.082 Thread 0x00000226870b6ac0 Unloading class 0x00000226461a2400 'java/lang/invoke/LambdaForm$MH+0x00000226461a2400'
Event: 3.082 Thread 0x00000226870b6ac0 Unloading class 0x00000226461a2000 'java/lang/invoke/LambdaForm$MH+0x00000226461a2000'
Event: 3.082 Thread 0x00000226870b6ac0 Unloading class 0x00000226461a1c00 'java/lang/invoke/LambdaForm$MH+0x00000226461a1c00'
Event: 3.082 Thread 0x00000226870b6ac0 Unloading class 0x00000226461a1800 'java/lang/invoke/LambdaForm$MH+0x00000226461a1800'
Event: 3.082 Thread 0x00000226870b6ac0 Unloading class 0x00000226461a1400 'java/lang/invoke/LambdaForm$BMH+0x00000226461a1400'
Event: 3.082 Thread 0x00000226870b6ac0 Unloading class 0x00000226461a1000 'java/lang/invoke/LambdaForm$DMH+0x00000226461a1000'
Event: 3.082 Thread 0x00000226870b6ac0 Unloading class 0x00000226461a0000 'java/lang/invoke/LambdaForm$DMH+0x00000226461a0000'

Classes redefined (0 events):
No events

Internal exceptions (20 events):
Event: 8.036 Thread 0x00000226906859c0 Exception <a 'java/lang/NoSuchMethodError'{0x00000000d5989e20}: 'java.lang.Object java.lang.invoke.DirectMethodHandle$Holder.invokeStaticInit(java.lang.Object, java.lang.Object, java.lang.Object)'> (0x00000000d5989e20) 
thrown [s\src\hotspot\share\interpreter\linkResolver.cpp, line 773]
Event: 8.055 Thread 0x000002268df2e370 Exception <a 'sun/nio/fs/WindowsException'{0x00000000d5b61a68}> (0x00000000d5b61a68) 
thrown [s\src\hotspot\share\prims\jni.cpp, line 520]
Event: 8.055 Thread 0x000002268df2e370 Exception <a 'sun/nio/fs/WindowsException'{0x00000000d5b62178}> (0x00000000d5b62178) 
thrown [s\src\hotspot\share\prims\jni.cpp, line 520]
Event: 8.056 Thread 0x000002268df2e370 Exception <a 'sun/nio/fs/WindowsException'{0x00000000d5b68548}> (0x00000000d5b68548) 
thrown [s\src\hotspot\share\prims\jni.cpp, line 520]
Event: 8.056 Thread 0x000002268df2e370 Exception <a 'sun/nio/fs/WindowsException'{0x00000000d5b68c58}> (0x00000000d5b68c58) 
thrown [s\src\hotspot\share\prims\jni.cpp, line 520]
Event: 8.082 Thread 0x000002268df2e370 Implicit null exception at 0x000002263928f303 to 0x000002263928f584
Event: 8.082 Thread 0x000002268df2e370 Exception <a 'java/lang/NoSuchMethodError'{0x00000000d5da90a0}: 'java.lang.Object java.lang.invoke.DelegatingMethodHandle$Holder.reinvoke_L(java.lang.Object, int, long, java.lang.Object, java.lang.Object, int, java.lang.Object)'> (0x00000000d5da90a0) 
thrown [s\src\hotspot\share\interpreter\linkResolver.cpp, line 773]
Event: 8.148 Thread 0x000002268df2e370 Exception <a 'java/lang/NoSuchMethodError'{0x00000000d56e0388}: 'java.lang.Object java.lang.invoke.Invokers$Holder.invoke_MT(java.lang.Object, java.lang.Object, java.lang.Object, java.lang.Object, java.lang.Object, java.lang.Object, java.lang.Object, java.lang.Object, java.lang.Object, java.lang.Object)'> (0x00000000d56e0388) 
thrown [s\src\hotspot\share\interpreter\linkResolver.cpp, line 773]
Event: 8.478 Thread 0x000002268df2e370 Exception <a 'java/io/FileNotFoundException'{0x00000000d55b5e48}> (0x00000000d55b5e48) 
thrown [s\src\hotspot\share\prims\jni.cpp, line 520]
Event: 8.478 Thread 0x000002268df2e370 Exception <a 'java/io/FileNotFoundException'{0x00000000d55b6bc8}> (0x00000000d55b6bc8) 
thrown [s\src\hotspot\share\prims\jni.cpp, line 520]
Event: 8.494 Thread 0x000002268df2e370 Exception <a 'sun/nio/fs/WindowsException'{0x00000000d5622960}> (0x00000000d5622960) 
thrown [s\src\hotspot\share\prims\jni.cpp, line 520]
Event: 8.494 Thread 0x000002268df2e370 Exception <a 'sun/nio/fs/WindowsException'{0x00000000d5623070}> (0x00000000d5623070) 
thrown [s\src\hotspot\share\prims\jni.cpp, line 520]
Event: 8.505 Thread 0x0000022690685330 Exception <a 'sun/nio/fs/WindowsException'{0x00000000d56be750}> (0x00000000d56be750) 
thrown [s\src\hotspot\share\prims\jni.cpp, line 520]
Event: 8.505 Thread 0x0000022690685330 Exception <a 'sun/nio/fs/WindowsException'{0x00000000d56bf110}> (0x00000000d56bf110) 
thrown [s\src\hotspot\share\prims\jni.cpp, line 520]
Event: 8.505 Thread 0x0000022690685330 Exception <a 'sun/nio/fs/WindowsException'{0x00000000d56c00e0}> (0x00000000d56c00e0) 
thrown [s\src\hotspot\share\prims\jni.cpp, line 520]
Event: 8.505 Thread 0x0000022690685330 Exception <a 'sun/nio/fs/WindowsException'{0x00000000d56c0aa0}> (0x00000000d56c0aa0) 
thrown [s\src\hotspot\share\prims\jni.cpp, line 520]
Event: 8.506 Thread 0x0000022690685330 Exception <a 'sun/nio/fs/WindowsException'{0x00000000d56c2418}> (0x00000000d56c2418) 
thrown [s\src\hotspot\share\prims\jni.cpp, line 520]
Event: 8.506 Thread 0x0000022690685330 Exception <a 'sun/nio/fs/WindowsException'{0x00000000d570a1b0}> (0x00000000d570a1b0) 
thrown [s\src\hotspot\share\prims\jni.cpp, line 520]
Event: 8.543 Thread 0x00000226906866e0 Exception <a 'sun/nio/fs/WindowsException'{0x00000000d58b2598}> (0x00000000d58b2598) 
thrown [s\src\hotspot\share\prims\jni.cpp, line 520]
Event: 8.543 Thread 0x00000226906866e0 Exception <a 'sun/nio/fs/WindowsException'{0x00000000d58b2f78}> (0x00000000d58b2f78) 
thrown [s\src\hotspot\share\prims\jni.cpp, line 520]

ZGC Phase Switch (0 events):
No events

VM Operations (20 events):
Event: 360.779 Executing VM operation: HandshakeAllThreads (HandshakeForDeflation)
Event: 360.779 Executing VM operation: HandshakeAllThreads (HandshakeForDeflation) done
Event: 360.779 Executing VM operation: RendezvousGCThreads
Event: 360.779 Executing VM operation: RendezvousGCThreads done
Event: 421.028 Executing VM operation: HandshakeAllThreads (HandshakeForDeflation)
Event: 421.028 Executing VM operation: HandshakeAllThreads (HandshakeForDeflation) done
Event: 421.029 Executing VM operation: RendezvousGCThreads
Event: 421.029 Executing VM operation: RendezvousGCThreads done
Event: 541.225 Executing VM operation: HandshakeAllThreads (HandshakeForDeflation)
Event: 541.225 Executing VM operation: HandshakeAllThreads (HandshakeForDeflation) done
Event: 541.226 Executing VM operation: RendezvousGCThreads
Event: 541.226 Executing VM operation: RendezvousGCThreads done
Event: 601.437 Executing VM operation: HandshakeAllThreads (HandshakeForDeflation)
Event: 601.437 Executing VM operation: HandshakeAllThreads (HandshakeForDeflation) done
Event: 601.437 Executing VM operation: RendezvousGCThreads
Event: 601.437 Executing VM operation: RendezvousGCThreads done
Event: 721.662 Executing VM operation: HandshakeAllThreads (HandshakeForDeflation)
Event: 721.662 Executing VM operation: HandshakeAllThreads (HandshakeForDeflation) done
Event: 721.662 Executing VM operation: RendezvousGCThreads
Event: 721.662 Executing VM operation: RendezvousGCThreads done

Memory protections (0 events):
No events

Nmethod flushes (20 events):
Event: 4.179 Thread 0x00000226870b6ac0 flushing  nmethod 0x0000022631a9e910
Event: 4.179 Thread 0x00000226870b6ac0 flushing  nmethod 0x0000022631a9f210
Event: 4.179 Thread 0x00000226870b6ac0 flushing  nmethod 0x0000022631a9f610
Event: 4.179 Thread 0x00000226870b6ac0 flushing  nmethod 0x0000022631aa1190
Event: 4.179 Thread 0x00000226870b6ac0 flushing  nmethod 0x0000022631aa1910
Event: 4.179 Thread 0x00000226870b6ac0 flushing  nmethod 0x0000022631aa2e90
Event: 4.179 Thread 0x00000226870b6ac0 flushing  nmethod 0x0000022631aa3390
Event: 4.179 Thread 0x00000226870b6ac0 flushing  nmethod 0x0000022631aa3c90
Event: 4.179 Thread 0x00000226870b6ac0 flushing  nmethod 0x0000022631aa4510
Event: 4.179 Thread 0x00000226870b6ac0 flushing  nmethod 0x0000022631aa5090
Event: 4.179 Thread 0x00000226870b6ac0 flushing  nmethod 0x0000022631aa6b10
Event: 4.179 Thread 0x00000226870b6ac0 flushing  nmethod 0x0000022631aa7490
Event: 4.179 Thread 0x00000226870b6ac0 flushing  nmethod 0x0000022631aa8590
Event: 4.179 Thread 0x00000226870b6ac0 flushing  nmethod 0x0000022631aaba90
Event: 4.179 Thread 0x00000226870b6ac0 flushing  nmethod 0x0000022631aec090
Event: 4.179 Thread 0x00000226870b6ac0 flushing  nmethod 0x0000022631b0c790
Event: 4.179 Thread 0x00000226870b6ac0 flushing  nmethod 0x0000022631b13990
Event: 4.179 Thread 0x00000226870b6ac0 flushing  nmethod 0x0000022631b13d90
Event: 4.179 Thread 0x00000226870b6ac0 flushing  nmethod 0x0000022631baac90
Event: 4.179 Thread 0x00000226870b6ac0 flushing  nmethod 0x0000022631bac110

Events (20 events):
Event: 36.202 Thread 0x00000226870ce310 Thread exited: 0x00000226870ce310
Event: 36.217 Thread 0x0000022691ccfd80 Thread exited: 0x0000022691ccfd80
Event: 36.217 Thread 0x00000226870cdc40 Thread exited: 0x00000226870cdc40
Event: 36.217 Thread 0x00000226870cd570 Thread exited: 0x00000226870cd570
Event: 37.729 Thread 0x00000226870cc7d0 Thread exited: 0x00000226870cc7d0
Event: 37.729 Thread 0x00000226870ce9e0 Thread exited: 0x00000226870ce9e0
Event: 37.729 Thread 0x00000226870cba30 Thread exited: 0x00000226870cba30
Event: 37.729 Thread 0x00000226870cc100 Thread exited: 0x00000226870cc100
Event: 68.555 Thread 0x00000226906866e0 Thread exited: 0x00000226906866e0
Event: 68.962 Thread 0x000002268df35300 Thread exited: 0x000002268df35300
Event: 68.962 Thread 0x000002268df2e370 Thread exited: 0x000002268df2e370
Event: 68.962 Thread 0x00000226917f1890 Thread exited: 0x00000226917f1890
Event: 128.568 Thread 0x0000022690685330 Thread exited: 0x0000022690685330
Event: 188.574 Thread 0x00000226906859c0 Thread exited: 0x00000226906859c0
Event: 248.581 Thread 0x0000022690682bd0 Thread exited: 0x0000022690682bd0
Event: 302.786 Thread 0x00000226870c54c0 Thread added: 0x00000226870cc7d0
Event: 307.859 Thread 0x00000226870cc7d0 Thread exited: 0x00000226870cc7d0
Event: 308.581 Thread 0x0000022690682540 Thread exited: 0x0000022690682540
Event: 368.594 Thread 0x0000022690686050 Thread exited: 0x0000022690686050
Event: 428.601 Thread 0x0000022690683f80 Thread exited: 0x0000022690683f80


Dynamic libraries:
0x00007ff7a95e0000 - 0x00007ff7a95ee000 	c:\Users\marri\.vscode\extensions\redhat.java-1.47.0-win32-x64\jre\21.0.8-win32-x86_64\bin\java.exe
0x00007ffc80860000 - 0x00007ffc80ac8000 	C:\WINDOWS\SYSTEM32\ntdll.dll
0x00007ffbd6d30000 - 0x00007ffbd6d50000 	C:\Program Files\AVG\Antivirus\aswhook.dll
0x00007ffc7fa40000 - 0x00007ffc7fb09000 	C:\WINDOWS\System32\KERNEL32.DLL
0x00007ffc7e1a0000 - 0x00007ffc7e592000 	C:\WINDOWS\System32\KERNELBASE.dll
0x00007ffc7d9f0000 - 0x00007ffc7db3b000 	C:\WINDOWS\System32\ucrtbase.dll
0x00007ffc732b0000 - 0x00007ffc732ce000 	c:\Users\marri\.vscode\extensions\redhat.java-1.47.0-win32-x64\jre\21.0.8-win32-x86_64\bin\VCRUNTIME140.dll
0x00007ffc40c50000 - 0x00007ffc40c68000 	c:\Users\marri\.vscode\extensions\redhat.java-1.47.0-win32-x64\jre\21.0.8-win32-x86_64\bin\jli.dll
0x00007ffc80420000 - 0x00007ffc805e5000 	C:\WINDOWS\System32\USER32.dll
0x00007ffc7dd60000 - 0x00007ffc7dd87000 	C:\WINDOWS\System32\win32u.dll
0x00007ffc7fb10000 - 0x00007ffc7fb3b000 	C:\WINDOWS\System32\GDI32.dll
0x00007ffc5ab00000 - 0x00007ffc5ad93000 	C:\WINDOWS\WinSxS\amd64_microsoft.windows.common-controls_6595b64144ccf1df_6.0.26100.6899_none_3e0efeeae32e88c1\COMCTL32.dll
0x00007ffc7de50000 - 0x00007ffc7df7d000 	C:\WINDOWS\System32\gdi32full.dll
0x00007ffc7f520000 - 0x00007ffc7f5c9000 	C:\WINDOWS\System32\msvcrt.dll
0x00007ffc7e0f0000 - 0x00007ffc7e193000 	C:\WINDOWS\System32\msvcp_win.dll
0x00007ffc7ec30000 - 0x00007ffc7ec5f000 	C:\WINDOWS\System32\IMM32.DLL
0x00007ffc5c290000 - 0x00007ffc5c29c000 	c:\Users\marri\.vscode\extensions\redhat.java-1.47.0-win32-x64\jre\21.0.8-win32-x86_64\bin\vcruntime140_1.dll
0x00007ffc095f0000 - 0x00007ffc0967d000 	c:\Users\marri\.vscode\extensions\redhat.java-1.47.0-win32-x64\jre\21.0.8-win32-x86_64\bin\msvcp140.dll
0x00007ffb7e6a0000 - 0x00007ffb7f437000 	c:\Users\marri\.vscode\extensions\redhat.java-1.47.0-win32-x64\jre\21.0.8-win32-x86_64\bin\server\jvm.dll
0x00007ffc7fc20000 - 0x00007ffc7fcd4000 	C:\WINDOWS\System32\ADVAPI32.dll
0x00007ffc7f5d0000 - 0x00007ffc7f676000 	C:\WINDOWS\System32\sechost.dll
0x00007ffc7f680000 - 0x00007ffc7f798000 	C:\WINDOWS\System32\RPCRT4.dll
0x00007ffc7fcf0000 - 0x00007ffc7fd64000 	C:\WINDOWS\System32\WS2_32.dll
0x00007ffc7d2f0000 - 0x00007ffc7d34e000 	C:\WINDOWS\SYSTEM32\POWRPROF.dll
0x00007ffc72810000 - 0x00007ffc7281b000 	C:\WINDOWS\SYSTEM32\VERSION.dll
0x00007ffc73d00000 - 0x00007ffc73d35000 	C:\WINDOWS\SYSTEM32\WINMM.dll
0x00007ffc7d2d0000 - 0x00007ffc7d2e4000 	C:\WINDOWS\SYSTEM32\UMPDC.dll
0x00007ffc7c7c0000 - 0x00007ffc7c7db000 	C:\WINDOWS\SYSTEM32\kernel.appcore.dll
0x00007ffc465d0000 - 0x00007ffc465da000 	c:\Users\marri\.vscode\extensions\redhat.java-1.47.0-win32-x64\jre\21.0.8-win32-x86_64\bin\jimage.dll
0x00007ffc7b140000 - 0x00007ffc7b382000 	C:\WINDOWS\SYSTEM32\DBGHELP.DLL
0x00007ffc800a0000 - 0x00007ffc8041b000 	C:\WINDOWS\System32\combase.dll
0x00007ffc7fb40000 - 0x00007ffc7fc17000 	C:\WINDOWS\System32\OLEAUT32.dll
0x00007ffc68750000 - 0x00007ffc6878c000 	C:\WINDOWS\SYSTEM32\dbgcore.DLL
0x00007ffc7db40000 - 0x00007ffc7dbd8000 	C:\WINDOWS\System32\bcryptPrimitives.dll
0x00007ffc46510000 - 0x00007ffc4651f000 	c:\Users\marri\.vscode\extensions\redhat.java-1.47.0-win32-x64\jre\21.0.8-win32-x86_64\bin\instrument.dll
0x00007ffc402c0000 - 0x00007ffc402df000 	c:\Users\marri\.vscode\extensions\redhat.java-1.47.0-win32-x64\jre\21.0.8-win32-x86_64\bin\java.dll
0x00007ffc7ec70000 - 0x00007ffc7f3bd000 	C:\WINDOWS\System32\SHELL32.dll
0x00007ffc7df80000 - 0x00007ffc7e0eb000 	C:\WINDOWS\System32\wintypes.dll
0x00007ffc7b640000 - 0x00007ffc7be9d000 	C:\WINDOWS\SYSTEM32\windows.storage.dll
0x00007ffc7fd90000 - 0x00007ffc7fe82000 	C:\WINDOWS\System32\SHCORE.dll
0x00007ffc7eac0000 - 0x00007ffc7eb22000 	C:\WINDOWS\System32\shlwapi.dll
0x00007ffc7d910000 - 0x00007ffc7d939000 	C:\WINDOWS\SYSTEM32\profapi.dll
0x00007ffc3a550000 - 0x00007ffc3a568000 	c:\Users\marri\.vscode\extensions\redhat.java-1.47.0-win32-x64\jre\21.0.8-win32-x86_64\bin\zip.dll
0x00007ffc45c60000 - 0x00007ffc45c70000 	C:\Users\marri\.vscode\extensions\redhat.java-1.47.0-win32-x64\jre\21.0.8-win32-x86_64\bin\net.dll
0x00007ffc73ed0000 - 0x00007ffc73fef000 	C:\WINDOWS\SYSTEM32\WINHTTP.dll
0x00007ffc7cd30000 - 0x00007ffc7cd9b000 	C:\WINDOWS\system32\mswsock.dll
0x00007ffc3a380000 - 0x00007ffc3a396000 	C:\Users\marri\.vscode\extensions\redhat.java-1.47.0-win32-x64\jre\21.0.8-win32-x86_64\bin\nio.dll
0x00007ffc41930000 - 0x00007ffc41940000 	c:\Users\marri\.vscode\extensions\redhat.java-1.47.0-win32-x64\jre\21.0.8-win32-x86_64\bin\verify.dll
0x00007ffc15400000 - 0x00007ffc15444000 	C:\Users\marri\AppData\Roaming\Code\User\globalStorage\redhat.java\1.47.0\config_win\org.eclipse.equinox.launcher\org.eclipse.equinox.launcher.win32.win32.x86_64_1.2.1400.v20250801-0854\eclipse_11916.dll
0x00007ffc80680000 - 0x00007ffc80818000 	C:\WINDOWS\System32\ole32.dll
0x00007ffc7d050000 - 0x00007ffc7d06b000 	C:\WINDOWS\SYSTEM32\CRYPTSP.dll
0x00007ffc7c720000 - 0x00007ffc7c75b000 	C:\WINDOWS\system32\rsaenh.dll
0x00007ffc7cdd0000 - 0x00007ffc7cdfb000 	C:\WINDOWS\SYSTEM32\USERENV.dll
0x00007ffc7d8e0000 - 0x00007ffc7d906000 	C:\WINDOWS\SYSTEM32\bcrypt.dll
0x00007ffc7d070000 - 0x00007ffc7d07c000 	C:\WINDOWS\SYSTEM32\CRYPTBASE.dll
0x00007ffc7c310000 - 0x00007ffc7c344000 	C:\WINDOWS\SYSTEM32\IPHLPAPI.DLL
0x00007ffc805f0000 - 0x00007ffc805fa000 	C:\WINDOWS\System32\NSI.dll
0x00007ffc38d20000 - 0x00007ffc38d69000 	C:\Users\marri\AppData\Local\Temp\jna-103666709\jna4629756934473067114.dll
0x00007ffc7ebb0000 - 0x00007ffc7ebb8000 	C:\WINDOWS\System32\PSAPI.DLL
0x00007ffc74580000 - 0x00007ffc7459e000 	C:\WINDOWS\SYSTEM32\dhcpcsvc6.DLL
0x00007ffc74550000 - 0x00007ffc74573000 	C:\WINDOWS\SYSTEM32\dhcpcsvc.DLL
0x00007ffc3afd0000 - 0x00007ffc3aff7000 	C:\Users\marri\.gradle\native\1def1411415f61bf3af743bc5b6707747c0891f09f0c88961ee8f79bc544acac\windows-amd64\native-platform.dll
0x00007ffc3f4c0000 - 0x00007ffc3f4ca000 	C:\Users\marri\.vscode\extensions\redhat.java-1.47.0-win32-x64\jre\21.0.8-win32-x86_64\bin\management.dll
0x00007ffc3d8c0000 - 0x00007ffc3d8cb000 	C:\Users\marri\.vscode\extensions\redhat.java-1.47.0-win32-x64\jre\21.0.8-win32-x86_64\bin\management_ext.dll

JVMTI agents:
c:\Users\marri\.vscode\extensions\redhat.java-1.47.0-win32-x64\lombok\lombok-1.18.39-4050.jar path:c:\Users\marri\.vscode\extensions\redhat.java-1.47.0-win32-x64\jre\21.0.8-win32-x86_64\bin\instrument.dll, loaded, initialized, instrumentlib options:none

dbghelp: loaded successfully - version: 4.0.5 - missing functions: none
symbol engine: initialized successfully - sym options: 0x614 - pdb path: .;c:\Users\marri\.vscode\extensions\redhat.java-1.47.0-win32-x64\jre\21.0.8-win32-x86_64\bin;C:\WINDOWS\SYSTEM32;C:\Program Files\AVG\Antivirus;C:\WINDOWS\WinSxS\amd64_microsoft.windows.common-controls_6595b64144ccf1df_6.0.26100.6899_none_3e0efeeae32e88c1;c:\Users\marri\.vscode\extensions\redhat.java-1.47.0-win32-x64\jre\21.0.8-win32-x86_64\bin\server;C:\Users\marri\AppData\Roaming\Code\User\globalStorage\redhat.java\1.47.0\config_win\org.eclipse.equinox.launcher\org.eclipse.equinox.launcher.win32.win32.x86_64_1.2.1400.v20250801-0854;C:\Users\marri\AppData\Local\Temp\jna-103666709;C:\Users\marri\.gradle\native\1def1411415f61bf3af743bc5b6707747c0891f09f0c88961ee8f79bc544acac\windows-amd64

VM Arguments:
jvm_args: --add-modules=ALL-SYSTEM --add-opens=java.base/java.util=ALL-UNNAMED --add-opens=java.base/java.lang=ALL-UNNAMED --add-opens=java.base/sun.nio.fs=ALL-UNNAMED -Declipse.application=org.eclipse.jdt.ls.core.id1 -Dosgi.bundles.defaultStartLevel=4 -Declipse.product=org.eclipse.jdt.ls.core.product -Djava.import.generatesMetadataFilesAtProjectRoot=false -DDetectVMInstallationsJob.disabled=true -Dfile.encoding=utf8 -XX:+UseParallelGC -XX:GCTimeRatio=4 -XX:AdaptiveSizePolicyWeight=90 -Dsun.zip.disableMemoryMapping=true -Xmx2G -Xms100m -Xlog:disable -javaagent:c:\Users\marri\.vscode\extensions\redhat.java-1.47.0-win32-x64\lombok\lombok-1.18.39-4050.jar -XX:+HeapDumpOnOutOfMemoryError -XX:HeapDumpPath=c:\Users\marri\AppData\Roaming\Code\User\workspaceStorage\e08e92ff6b7f92060457188006d6da2e\redhat.java -Daether.dependencyCollector.impl=bf 
java_command: c:\Users\marri\.vscode\extensions\redhat.java-1.47.0-win32-x64\server\plugins\org.eclipse.equinox.launcher_1.7.100.v20251014-1222.jar -configuration c:\Users\marri\AppData\Roaming\Code\User\globalStorage\redhat.java\1.47.0\config_win -data c:\Users\marri\AppData\Roaming\Code\User\workspaceStorage\e08e92ff6b7f92060457188006d6da2e\redhat.java\jdt_ws --pipe=\\.\pipe\lsp-f8d17d5737928b16e2775fa3ec321a75-sock
java_class_path (initial): c:\Users\marri\.vscode\extensions\redhat.java-1.47.0-win32-x64\server\plugins\org.eclipse.equinox.launcher_1.7.100.v20251014-1222.jar
Launcher Type: SUN_STANDARD

[Global flags]
    uintx AdaptiveSizePolicyWeight                 = 90                                        {product} {command line}
     intx CICompilerCount                          = 12                                        {product} {ergonomic}
    uintx GCTimeRatio                              = 4                                         {product} {command line}
     bool HeapDumpOnOutOfMemoryError               = true                                   {manageable} {command line}
    ccstr HeapDumpPath                             = c:\Users\marri\AppData\Roaming\Code\User\workspaceStorage\e08e92ff6b7f92060457188006d6da2e\redhat.java         {manageable} {command line}
   size_t InitialHeapSize                          = 104857600                                 {product} {command line}
   size_t MaxHeapSize                              = 2147483648                                {product} {command line}
   size_t MaxNewSize                               = 715653120                                 {product} {ergonomic}
   size_t MinHeapDeltaBytes                        = 524288                                    {product} {ergonomic}
   size_t MinHeapSize                              = 104857600                                 {product} {command line}
   size_t NewSize                                  = 34603008                                  {product} {ergonomic}
    uintx NonNMethodCodeHeapSize                   = 7602480                                {pd product} {ergonomic}
    uintx NonProfiledCodeHeapSize                  = 122027880                              {pd product} {ergonomic}
   size_t OldSize                                  = 70254592                                  {product} {ergonomic}
    uintx ProfiledCodeHeapSize                     = 122027880                              {pd product} {ergonomic}
    uintx ReservedCodeCacheSize                    = 251658240                              {pd product} {ergonomic}
     bool SegmentedCodeCache                       = true                                      {product} {ergonomic}
   size_t SoftMaxHeapSize                          = 2147483648                             {manageable} {ergonomic}
     bool UseCompressedOops                        = true                           {product lp64_product} {ergonomic}
     bool UseLargePagesIndividualAllocation        = false                                  {pd product} {ergonomic}
     bool UseParallelGC                            = true                                      {product} {command line}

Logging:
Log output configuration:
 #0: stdout all=off uptime,level,tags foldmultilines=false
 #1: stderr all=off uptime,level,tags foldmultilines=false

Environment Variables:
JAVA_HOME=C:\marek\dev\openjdk-24.0.2_windows-x64_bin\jdk-24.0.2
PATH=C:\Program Files\NVIDIA GPU Computing Toolkit\CUDA\v13.0\bin\x64;C:\Program Files\NVIDIA GPU Computing Toolkit\CUDA\v13.0\bin;C:\marek\dev\openjdk-24.0.2_windows-x64_bin\jdk-24.0.2\bin;C:\Python313\Scripts\;C:\Python313\;C:\Program Files\Microsoft\jdk-11.0.16.101-hotspot\bin;C:\Program Files\Microsoft MPI\Bin\;C:\Windows\system32;C:\Windows;C:\Windows\System32\Wbem;C:\Windows\System32\WindowsPowerShell\v1.0\;C:\Windows\System32\OpenSSH\;C:\Program Files\dotnet\;C:\Program Files (x86)\NVIDIA Corporation\PhysX\Common;C:\Program Files\Microsoft SQL Server\150\Tools\Binn\;C:\Program Files\Microsoft SQL Server\Client SDK\ODBC\170\Tools\Binn\;C:\Users\marri\AppData\Local\Programs\Python\Python312\Scripts;C:\Users\marri\AppData\Local\Programs\Python\Python312;C:\WINDOWS\system32;C:\WINDOWS;C:\WINDOWS\System32\Wbem;C:\WINDOWS\System32\WindowsPowerShell\v1.0\;C:\WINDOWS\System32\OpenSSH\;C:\Program Files\Docker\Docker\resources\bin;C:\Program Files\NVIDIA Corporation\NVIDIA app\NvDLISR;C:\Users\marri\AppData\Local\Muse Hub\lib;C:\marek\studia\hpb\draft1\main.tex;C:\marek\studia\hpb\draft1;C:\Program Files\nodejs\;C:\ProgramData\chocolatey\bin;C:\Users\marri\AppData\Roaming\Python\Python313\Scripts;C:\Program Files\NVIDIA Corporation\Nsight Compute 2025.3.1\;C:\Users\marri\AppData\Local\Microsoft\WindowsApps;C:\Users\marri\.dotnet\tools;C:\Users\marri\AppData\Local\Programs\Microsoft VS Code\bin;C:\Users\marri\AppData\Local\GitHubDesktop\bin;C:\Users\marri\AppData\Local\Programs\Git\cmd;C:\Users\marri\AppData\Local\Muse Hub\lib;C:\marek\studia\hpb\draft1;C:\Users\marri\AppData\Roaming\npm
USERNAME=marri
OS=Windows_NT
PROCESSOR_IDENTIFIER=Intel64 Family 6 Model 154 Stepping 3, GenuineIntel
TMP=C:\Users\marri\AppData\Local\Temp
TEMP=C:\Users\marri\AppData\Local\Temp




Periodic native trim disabled

---------------  S Y S T E M  ---------------

OS:
 Windows 11 , 64 bit Build 26100 (10.0.26100.6725)
OS uptime: 19 days 6:10 hours
Hyper-V role detected

CPU: total 20 (initial active 20) (10 cores per cpu, 2 threads per core) family 6 model 154 stepping 3 microcode 0x437, cx8, cmov, fxsr, ht, mmx, 3dnowpref, sse, sse2, sse3, ssse3, sse4.1, sse4.2, popcnt, lzcnt, tsc, tscinvbit, avx, avx2, aes, erms, clmul, bmi1, bmi2, adx, sha, fma, vzeroupper, clflush, clflushopt, clwb, hv, serialize, rdtscp, rdpid, fsrm, f16c, cet_ibt, cet_ss
Processor Information for processor 0
  Max Mhz: 2300, Current Mhz: 2300, Mhz Limit: 2300
Processor Information for processor 1
  Max Mhz: 2300, Current Mhz: 2300, Mhz Limit: 2300
Processor Information for processor 2
  Max Mhz: 2300, Current Mhz: 2300, Mhz Limit: 2300
Processor Information for processor 3
  Max Mhz: 2300, Current Mhz: 2300, Mhz Limit: 2300
Processor Information for processor 4
  Max Mhz: 2300, Current Mhz: 2300, Mhz Limit: 2300
Processor Information for processor 5
  Max Mhz: 2300, Current Mhz: 2300, Mhz Limit: 2300
Processor Information for processor 6
  Max Mhz: 2300, Current Mhz: 2300, Mhz Limit: 2300
Processor Information for processor 7
  Max Mhz: 2300, Current Mhz: 2300, Mhz Limit: 2300
Processor Information for processor 8
  Max Mhz: 2300, Current Mhz: 2300, Mhz Limit: 2300
Processor Information for processor 9
  Max Mhz: 2300, Current Mhz: 2300, Mhz Limit: 2300
Processor Information for processor 10
  Max Mhz: 2300, Current Mhz: 2300, Mhz Limit: 2300
Processor Information for processor 11
  Max Mhz: 2300, Current Mhz: 2300, Mhz Limit: 2300
Processor Information for processor 12
  Max Mhz: 2300, Current Mhz: 1488, Mhz Limit: 2300
Processor Information for processor 13
  Max Mhz: 2300, Current Mhz: 1488, Mhz Limit: 2300
Processor Information for processor 14
  Max Mhz: 2300, Current Mhz: 1488, Mhz Limit: 2300
Processor Information for processor 15
  Max Mhz: 2300, Current Mhz: 1488, Mhz Limit: 2300
Processor Information for processor 16
  Max Mhz: 2300, Current Mhz: 1488, Mhz Limit: 2300
Processor Information for processor 17
  Max Mhz: 2300, Current Mhz: 1488, Mhz Limit: 2300
Processor Information for processor 18
  Max Mhz: 2300, Current Mhz: 1488, Mhz Limit: 2300
Processor Information for processor 19
  Max Mhz: 2300, Current Mhz: 1488, Mhz Limit: 2300

Memory: 4k page, system-wide physical 16068M (2306M free)
TotalPageFile size 65220M (AvailPageFile size 0M)
current process WorkingSet (physical memory assigned to process): 8M, peak: 302M
current process commit charge ("private bytes"): 356M, peak: 412M

vm_info: OpenJDK 64-Bit Server VM (21.0.8+9-LTS) for windows-amd64 JRE (21.0.8+9-LTS), built on 2025-07-15T00:00:00Z by "admin" with MS VC++ 17.7 (VS2022)

END.
